2021-02-03 15:12:42,390 [4] INFO  AutoBuy.MainWindow [(null)] - 5900x B08164VTWH out of stock
2021-02-03 15:13:03,113 [9] INFO  AutoBuy.MainWindow [(null)] - 5600x B08166SLDF 379.8 =>> over price
2021-02-03 15:13:28,781 [12] INFO  AutoBuy.MainWindow [(null)] - Fuma2 B07QMK5R45 92.82 =>> over price
2021-02-03 15:13:38,740 [4] INFO  AutoBuy.MainWindow [(null)] - 3060ti TUF B083Z5P6TX out of stock
2021-02-03 15:13:46,932 [4] INFO  AutoBuy.MainWindow [(null)] - 3060ti EVGA B08P2H5LW2 out of stock
2021-02-03 15:13:54,250 [4] INFO  AutoBuy.MainWindow [(null)] - 5900x B08164VTWH out of stock
2021-02-03 15:14:18,294 [9] INFO  AutoBuy.MainWindow [(null)] - 5600x B08166SLDF 379.8 =>> over price
2021-02-03 15:14:46,082 [9] INFO  AutoBuy.MainWindow [(null)] - 3060ti TUF B083Z5P6TX out of stock
2021-02-03 15:14:48,885 [4] INFO  AutoBuy.MainWindow [(null)] - Fuma2 B07QMK5R45 92.82 =>> over price
2021-02-03 15:14:53,932 [4] INFO  AutoBuy.MainWindow [(null)] - 3060ti EVGA B08P2H5LW2 out of stock
2021-02-03 15:15:01,750 [4] INFO  AutoBuy.MainWindow [(null)] - 5900x B08164VTWH out of stock
2021-02-03 15:15:30,015 [9] INFO  AutoBuy.MainWindow [(null)] - 5600x B08166SLDF 379.8 =>> over price
2021-02-03 15:15:52,748 [13] INFO  AutoBuy.MainWindow [(null)] - Fuma2 B07QMK5R45 92.82 =>> over price
2021-02-03 15:16:02,296 [4] INFO  AutoBuy.MainWindow [(null)] - 3060ti TUF B083Z5P6TX out of stock
2021-02-03 15:16:09,578 [4] INFO  AutoBuy.MainWindow [(null)] - 3060ti EVGA B08P2H5LW2 out of stock
2021-02-03 15:16:16,854 [4] INFO  AutoBuy.MainWindow [(null)] - 5900x B08164VTWH out of stock
2021-02-03 15:16:26,091 [4] INFO  AutoBuy.MainWindow [(null)] - 5600x B08166SLDF out of stock
2021-02-03 15:30:19,290 [4] INFO  AutoBuy.MainWindow [(null)] - Giga 3060ti B08NYPLXPJ out of stock
2021-02-03 15:30:27,260 [4] INFO  AutoBuy.MainWindow [(null)] - Giga 3060TI Egle B08NYPKW1Z out of stock
2021-02-03 15:30:34,617 [13] INFO  AutoBuy.MainWindow [(null)] - 3070 tuf B08L8KC1J7 out of stock
2021-02-03 15:30:36,192 [9] INFO  AutoBuy.MainWindow [(null)] - 3070 PNY B08HBJB7YD out of stock
2021-02-03 15:30:41,897 [9] INFO  AutoBuy.MainWindow [(null)] - 3070 evga B08L8L71SM out of stock
2021-02-03 15:30:43,605 [9] INFO  AutoBuy.MainWindow [(null)] - 3070 Giga B08KY266MG out of stock
2021-02-03 15:31:31,500 [15] INFO  AutoBuy.MainWindow [(null)] - 5900x B08164VTWH out of stock
2021-02-03 15:31:38,966 [14] INFO  AutoBuy.MainWindow [(null)] - 3060ti TUF B083Z5P6TX out of stock
2021-02-03 15:31:40,275 [14] INFO  AutoBuy.MainWindow [(null)] - Giga 3060ti B08NYPLXPJ out of stock
2021-02-03 15:31:46,735 [14] INFO  AutoBuy.MainWindow [(null)] - 3060ti EVGA B08P2H5LW2 out of stock
2021-02-03 15:31:48,531 [14] INFO  AutoBuy.MainWindow [(null)] - Giga 3060TI Egle B08NYPKW1Z out of stock
2021-02-03 15:31:53,488 [16] INFO  AutoBuy.MainWindow [(null)] - 3070 PNY B08HBJB7YD out of stock
2021-02-03 15:31:55,141 [15] INFO  AutoBuy.MainWindow [(null)] - 3060 ti asus B083Z7TR8Z out of stock
2021-02-03 15:31:56,760 [16] INFO  AutoBuy.MainWindow [(null)] - 3070 tuf B08L8KC1J7 out of stock
2021-02-03 15:32:01,688 [16] INFO  AutoBuy.MainWindow [(null)] - 3070 Giga B08KY266MG out of stock
2021-02-03 15:32:03,788 [15] INFO  AutoBuy.MainWindow [(null)] - MSI 3060ti  Ventus B08P2DQ28S out of stock
2021-02-03 15:32:07,701 [15] INFO  AutoBuy.MainWindow [(null)] - 3070 evga B08L8L71SM out of stock
2021-02-03 15:32:09,383 [16] INFO  AutoBuy.MainWindow [(null)] - 3070 PNY B08HBJB7YD out of stock
2021-02-03 15:32:15,912 [15] INFO  AutoBuy.MainWindow [(null)] - 5900x B08164VTWH out of stock
2021-02-03 15:32:16,260 [14] INFO  AutoBuy.MainWindow [(null)] - 3070 msi B08KWN2LZG out of stock
2021-02-03 15:32:20,047 [16] INFO  AutoBuy.MainWindow [(null)] - 3070 Giga B08KY266MG out of stock
2021-02-03 15:32:24,352 [14] INFO  AutoBuy.MainWindow [(null)] - 3060ti TUF B083Z5P6TX out of stock
2021-02-03 15:32:25,066 [15] INFO  AutoBuy.MainWindow [(null)] - Giga 3060ti B08NYPLXPJ out of stock
2021-02-03 15:32:31,394 [15] INFO  AutoBuy.MainWindow [(null)] - 3070 PNY B08HBJB7YD out of stock
2021-02-03 15:32:35,350 [14] INFO  AutoBuy.MainWindow [(null)] - 3060ti EVGA B08P2H5LW2 out of stock
2021-02-03 15:32:35,930 [15] INFO  AutoBuy.MainWindow [(null)] - Giga 3060TI Egle B08NYPKW1Z out of stock
2021-02-03 15:32:39,811 [14] INFO  AutoBuy.MainWindow [(null)] - 3070 Giga B08KY266MG out of stock
2021-02-03 15:32:45,383 [16] INFO  AutoBuy.MainWindow [(null)] - 3060 ti asus B083Z7TR8Z out of stock
2021-02-03 15:32:45,414 [15] INFO  AutoBuy.MainWindow [(null)] - 3070 tuf B08L8KC1J7 out of stock
2021-02-03 15:32:52,191 [14] INFO  AutoBuy.MainWindow [(null)] - 3070 PNY B08HBJB7YD out of stock
2021-02-03 15:32:59,410 [14] INFO  AutoBuy.MainWindow [(null)] - MSI 3060ti  Ventus B08P2DQ28S out of stock
2021-02-03 15:33:06,087 [15] INFO  AutoBuy.MainWindow [(null)] - 3070 Giga B08KY266MG out of stock
2021-02-03 15:33:07,201 [16] INFO  AutoBuy.MainWindow [(null)] - 3070 evga B08L8L71SM out of stock
2021-02-03 15:33:10,213 [16] INFO  AutoBuy.MainWindow [(null)] - 5900x B08164VTWH out of stock
2021-02-03 15:33:13,844 [14] INFO  AutoBuy.MainWindow [(null)] - 3070 PNY B08HBJB7YD out of stock
2021-02-03 15:33:18,867 [14] INFO  AutoBuy.MainWindow [(null)] - 3060ti TUF B083Z5P6TX out of stock
2021-02-03 15:33:21,159 [16] INFO  AutoBuy.MainWindow [(null)] - 3070 msi B08KWN2LZG out of stock
2021-02-03 15:33:21,944 [14] INFO  AutoBuy.MainWindow [(null)] - 3070 Giga B08KY266MG out of stock
2021-02-03 15:33:28,136 [16] INFO  AutoBuy.MainWindow [(null)] - 3060ti EVGA B08P2H5LW2 out of stock
2021-02-03 15:33:31,409 [15] INFO  AutoBuy.MainWindow [(null)] - Giga 3060ti B08NYPLXPJ out of stock
2021-02-03 15:33:31,837 [16] INFO  AutoBuy.MainWindow [(null)] - 3070 PNY B08HBJB7YD out of stock
2021-02-03 15:33:41,573 [18] INFO  AutoBuy.MainWindow [(null)] - 3070 Giga B08KY266MG out of stock
2021-02-03 15:33:41,990 [15] INFO  AutoBuy.MainWindow [(null)] - 3060 ti asus B083Z7TR8Z out of stock
2021-02-03 15:33:48,751 [14] INFO  AutoBuy.MainWindow [(null)] - Giga 3060TI Egle B08NYPKW1Z out of stock
2021-02-03 15:33:50,069 [15] INFO  AutoBuy.MainWindow [(null)] - 3070 PNY B08HBJB7YD out of stock
2021-02-03 15:33:56,632 [16] INFO  AutoBuy.MainWindow [(null)] - MSI 3060ti  Ventus B08P2DQ28S out of stock
2021-02-03 15:33:57,327 [14] INFO  AutoBuy.MainWindow [(null)] - 3070 tuf B08L8KC1J7 out of stock
2021-02-03 15:33:59,217 [15] INFO  AutoBuy.MainWindow [(null)] - 3070 Giga B08KY266MG out of stock
2021-02-03 15:34:07,101 [14] INFO  AutoBuy.MainWindow [(null)] - 3070 PNY B08HBJB7YD out of stock
2021-02-03 15:34:08,826 [16] INFO  AutoBuy.MainWindow [(null)] - 5900x B08164VTWH out of stock
2021-02-03 15:34:14,936 [15] INFO  AutoBuy.MainWindow [(null)] - 3070 Giga B08KY266MG out of stock
2021-02-03 15:34:16,199 [16] INFO  AutoBuy.MainWindow [(null)] - 3070 evga B08L8L71SM out of stock
2021-02-03 15:34:21,123 [16] INFO  AutoBuy.MainWindow [(null)] - 3060ti TUF B083Z5P6TX out of stock
2021-02-03 15:34:40,792 [15] INFO  AutoBuy.MainWindow [(null)] - 3070 msi B08KWN2LZG out of stock
2021-02-03 15:34:41,272 [18] INFO  AutoBuy.MainWindow [(null)] - 3060ti EVGA B08P2H5LW2 out of stock
2021-02-03 15:34:42,014 [14] INFO  AutoBuy.MainWindow [(null)] - 3070 PNY B08HBJB7YD out of stock
2021-02-03 15:34:49,069 [15] INFO  AutoBuy.MainWindow [(null)] - 3060 ti asus B083Z7TR8Z out of stock
2021-02-03 15:34:49,397 [14] INFO  AutoBuy.MainWindow [(null)] - Giga 3060ti B08NYPLXPJ out of stock
2021-02-03 15:34:50,054 [16] INFO  AutoBuy.MainWindow [(null)] - 3070 Giga B08KY266MG out of stock
2021-02-03 15:34:58,724 [14] INFO  AutoBuy.MainWindow [(null)] - Giga 3060TI Egle B08NYPKW1Z out of stock
2021-02-03 15:34:58,849 [16] INFO  AutoBuy.MainWindow [(null)] - MSI 3060ti  Ventus B08P2DQ28S out of stock
2021-02-03 15:35:09,021 [14] INFO  AutoBuy.MainWindow [(null)] - 3070 tuf B08L8KC1J7 out of stock
2021-02-03 15:35:20,351 [15] INFO  AutoBuy.MainWindow [(null)] - 3070 evga B08L8L71SM out of stock
2021-02-03 15:35:25,521 [17] INFO  AutoBuy.MainWindow [(null)] - 3070 PNY B08HBJB7YD out of stock
2021-02-03 15:35:29,946 [15] INFO  AutoBuy.MainWindow [(null)] - 3070 msi B08KWN2LZG out of stock
2021-02-03 15:35:31,431 [15] INFO  AutoBuy.MainWindow [(null)] - 5900x B08164VTWH out of stock
2021-02-03 15:35:42,351 [14] INFO  AutoBuy.MainWindow [(null)] - 3070 Giga B08KY266MG out of stock
2021-02-03 15:35:45,390 [14] INFO  AutoBuy.MainWindow [(null)] - 3060ti TUF B083Z5P6TX out of stock
2021-02-03 15:35:50,156 [17] INFO  AutoBuy.MainWindow [(null)] - Giga 3060ti B08NYPLXPJ out of stock
2021-02-03 15:35:52,287 [15] INFO  AutoBuy.MainWindow [(null)] - 3070 PNY B08HBJB7YD out of stock
2021-02-03 15:35:52,562 [18] INFO  AutoBuy.MainWindow [(null)] - Mouse B005EJH6RW 10.62 =>> over price
2021-02-03 15:35:57,566 [15] INFO  AutoBuy.MainWindow [(null)] - 3060ti EVGA B08P2H5LW2 out of stock
2021-02-03 15:35:58,185 [14] INFO  AutoBuy.MainWindow [(null)] - Giga 3060TI Egle B08NYPKW1Z out of stock
2021-02-03 15:36:00,598 [14] INFO  AutoBuy.MainWindow [(null)] - 3070 Giga B08KY266MG out of stock
2021-02-03 15:36:05,605 [15] INFO  AutoBuy.MainWindow [(null)] - 3060 ti asus B083Z7TR8Z out of stock
2021-02-03 15:36:08,887 [14] INFO  AutoBuy.MainWindow [(null)] - 3070 tuf B08L8KC1J7 out of stock
2021-02-03 15:36:21,231 [17] INFO  AutoBuy.MainWindow [(null)] - 3070 evga B08L8L71SM out of stock
2021-02-03 15:36:29,612 [14] INFO  AutoBuy.MainWindow [(null)] - MSI 3060ti  Ventus B08P2DQ28S out of stock
2021-02-03 15:36:35,735 [17] INFO  AutoBuy.MainWindow [(null)] - 3070 msi B08KWN2LZG out of stock
2021-02-03 15:36:43,958 [18] INFO  AutoBuy.MainWindow [(null)] - 3070 PNY B08HBJB7YD out of stock
2021-02-03 15:36:44,877 [17] INFO  AutoBuy.MainWindow [(null)] - Giga 3060ti B08NYPLXPJ out of stock
2021-02-03 15:36:46,101 [18] INFO  AutoBuy.MainWindow [(null)] - 5900x B08164VTWH out of stock
2021-02-03 15:36:50,430 [16] INFO  AutoBuy.MainWindow [(null)] - Mouse B005EJH6RW 10.62 =>> over price
2021-02-03 15:37:02,837 [18] INFO  AutoBuy.MainWindow [(null)] - 3070 Giga B08KY266MG out of stock
2021-02-03 15:37:02,837 [14] INFO  AutoBuy.MainWindow [(null)] - 3060ti TUF B083Z5P6TX out of stock
2021-02-03 15:37:02,838 [15] INFO  AutoBuy.MainWindow [(null)] - Giga 3060TI Egle B08NYPKW1Z out of stock
2021-02-03 15:40:46,417 [8] INFO  AutoBuy.MainWindow [(null)] - 5900x B08164VTWH out of stock
2021-02-03 15:41:08,585 [9] INFO  AutoBuy.MainWindow [(null)] - Fuma2 B07QMK5R45 92.82 =>> over price
2021-02-03 15:41:11,115 [8] INFO  AutoBuy.MainWindow [(null)] - 3060ti TUF B083Z5P6TX out of stock
2021-02-03 15:41:18,419 [8] INFO  AutoBuy.MainWindow [(null)] - 3060ti EVGA B08P2H5LW2 out of stock
2021-02-03 15:41:25,712 [8] INFO  AutoBuy.MainWindow [(null)] - 5900x B08164VTWH out of stock
2021-02-03 15:41:49,089 [9] INFO  AutoBuy.MainWindow [(null)] - 3060ti TUF B083Z5P6TX out of stock
2021-02-03 15:41:55,361 [8] INFO  AutoBuy.MainWindow [(null)] - Fuma2 B07QMK5R45 92.82 =>> over price
2021-02-03 15:41:56,387 [9] INFO  AutoBuy.MainWindow [(null)] - 3060ti EVGA B08P2H5LW2 out of stock
2021-02-03 15:42:03,967 [8] INFO  AutoBuy.MainWindow [(null)] - xxx B083Z7TR8Z out of stock
2021-02-03 15:42:11,277 [8] INFO  AutoBuy.MainWindow [(null)] - 5900x B08164VTWH out of stock
2021-02-03 15:42:37,656 [12] INFO  AutoBuy.MainWindow [(null)] - Fuma2 B07QMK5R45 92.82 =>> over price
2021-02-03 15:42:49,446 [8] INFO  AutoBuy.MainWindow [(null)] - 3060ti TUF B083Z5P6TX out of stock
2021-02-03 15:43:00,730 [8] INFO  AutoBuy.MainWindow [(null)] - 3060ti EVGA B08P2H5LW2 out of stock
2021-02-03 15:43:28,354 [14] INFO  AutoBuy.MainWindow [(null)] - xxx B083Z7TR8Z out of stock
2021-02-03 15:43:38,272 [9] INFO  AutoBuy.MainWindow [(null)] - 5600x B08166SLDF 379.8 =>> over price
2021-02-03 15:43:42,418 [8] INFO  AutoBuy.MainWindow [(null)] - 5900x B08164VTWH out of stock
2021-02-03 15:44:30,416 [8] ERROR AutoBuy.BuyService [(null)] - Cannot start the driver service on http://localhost:57473/
2021-02-03 15:44:30,499 [8] ERROR AutoBuy.BuyService [(null)] -    at OpenQA.Selenium.DriverService.Start()
   at OpenQA.Selenium.Remote.DriverServiceCommandExecutor.Execute(Command commandToExecute)
   at OpenQA.Selenium.Remote.RemoteWebDriver.Execute(String driverCommandToExecute, Dictionary`2 parameters)
   at OpenQA.Selenium.Remote.RemoteWebDriver.StartSession(ICapabilities desiredCapabilities)
   at OpenQA.Selenium.Remote.RemoteWebDriver..ctor(ICommandExecutor commandExecutor, ICapabilities desiredCapabilities)
   at OpenQA.Selenium.Chrome.ChromeDriver..ctor(ChromeDriverService service, ChromeOptions options, TimeSpan commandTimeout)
   at AutoBuy.BuyService..ctor(String localBuyDir, Int32 order, PageLoadStrategy pageLoad) in D:\SourceCode\yuclient\RemoteCenter\AutoBuy\BuyService.cs:line 45
2021-02-03 15:44:57,093 [12] INFO  AutoBuy.MainWindow [(null)] - 3060ti TUF B083Z5P6TX out of stock
2021-02-03 15:45:26,143 [14] INFO  AutoBuy.MainWindow [(null)] - 5600x B08166SLDF stock at 92.82
2021-02-03 15:45:26,265 [9] INFO  AutoBuy.MainWindow [(null)] - Fuma2 B07QMK5R45 92.82 =>> over price
2021-02-03 15:45:26,692 [12] INFO  AutoBuy.MainWindow [(null)] - 3060ti EVGA B08P2H5LW2 out of stock
2021-02-03 15:45:33,443 [14] DEBUG AutoBuy.MainWindow [(null)] - invalid session id
2021-02-03 15:45:33,495 [14] ERROR AutoBuy.MainWindow [(null)] -    at OpenQA.Selenium.Remote.RemoteWebDriver.UnpackAndThrowOnError(Response errorResponse)
   at OpenQA.Selenium.Remote.RemoteWebDriver.Execute(String driverCommandToExecute, Dictionary`2 parameters)
   at OpenQA.Selenium.Remote.RemoteWebDriver.FindElement(String mechanism, String value)
   at SeleniumExtras.WaitHelpers.ExpectedConditions.<>c__DisplayClass7_0.<ElementIsVisible>b__0(IWebDriver driver)
   at OpenQA.Selenium.Support.UI.DefaultWait`1.Until[TResult](Func`2 condition)
   at AutoBuy.MainWindow.<BuyItem>d__39.MoveNext() in D:\SourceCode\yuclient\RemoteCenter\AutoBuy\MainWindow.xaml.cs:line 330
2021-02-03 15:46:21,581 [12] DEBUG AutoBuy.MainWindow [(null)] - Object reference not set to an instance of an object.
2021-02-03 15:46:25,905 [12] ERROR AutoBuy.MainWindow [(null)] -    at AutoBuy.MainWindow.<>c__DisplayClass46_0.<TakeSnapShot>b__0() in D:\SourceCode\yuclient\RemoteCenter\AutoBuy\MainWindow.xaml.cs:line 535
2021-02-03 15:46:27,644 [14] INFO  AutoBuy.MainWindow [(null)] - xxx B083Z7TR8Z out of stock
2021-02-03 15:46:35,194 [9] INFO  AutoBuy.MainWindow [(null)] - 5900x B08164VTWH out of stock
2021-02-03 15:46:59,972 [12] DEBUG AutoBuy.MainWindow [(null)] - invalid session id
2021-02-03 15:47:08,088 [8] DEBUG AutoBuy.MainWindow [(null)] - A exception with a null response was thrown sending an HTTP request to the remote WebDriver server for URL http://localhost:57479/session//screenshot. The status of the exception was ConnectFailure, and the message was: Unable to connect to the remote server
2021-02-03 15:47:08,115 [8] ERROR AutoBuy.MainWindow [(null)] -    at OpenQA.Selenium.Remote.HttpCommandExecutor.MakeHttpRequest(HttpRequestInfo requestInfo)
   at OpenQA.Selenium.Remote.HttpCommandExecutor.Execute(Command commandToExecute)
   at OpenQA.Selenium.Remote.DriverServiceCommandExecutor.Execute(Command commandToExecute)
   at OpenQA.Selenium.Remote.RemoteWebDriver.Execute(String driverCommandToExecute, Dictionary`2 parameters)
   at OpenQA.Selenium.Remote.RemoteWebDriver.GetScreenshot()
   at AutoBuy.MainWindow.<>c__DisplayClass46_0.<TakeSnapShot>b__0() in D:\SourceCode\yuclient\RemoteCenter\AutoBuy\MainWindow.xaml.cs:line 535
2021-02-03 15:48:35,642 [8] INFO  AutoBuy.MainWindow [(null)] - 5900x B08164VTWH out of stock
2021-02-03 15:49:30,608 [8] INFO  AutoBuy.MainWindow [(null)] - 3060ti TUF B083Z5P6TX out of stock
2021-02-03 15:49:38,883 [8] INFO  AutoBuy.MainWindow [(null)] - 3060ti EVGA B08P2H5LW2 out of stock
2021-02-03 15:49:40,080 [12] INFO  AutoBuy.MainWindow [(null)] - 5600x B08166SLDF stock at 92.82
2021-02-03 15:49:41,038 [13] INFO  AutoBuy.MainWindow [(null)] - Fuma2 B07QMK5R45 92.82 =>> over price
2021-02-03 15:49:46,626 [8] INFO  AutoBuy.MainWindow [(null)] - xxx B083Z7TR8Z out of stock
2021-02-03 15:49:49,010 [12] DEBUG AutoBuy.MainWindow [(null)] - invalid session id
2021-02-03 15:49:49,146 [12] ERROR AutoBuy.MainWindow [(null)] -    at OpenQA.Selenium.Remote.RemoteWebDriver.UnpackAndThrowOnError(Response errorResponse)
   at OpenQA.Selenium.Remote.RemoteWebDriver.Execute(String driverCommandToExecute, Dictionary`2 parameters)
   at OpenQA.Selenium.Remote.RemoteWebDriver.FindElement(String mechanism, String value)
   at SeleniumExtras.WaitHelpers.ExpectedConditions.<>c__DisplayClass7_0.<ElementIsVisible>b__0(IWebDriver driver)
   at OpenQA.Selenium.Support.UI.DefaultWait`1.Until[TResult](Func`2 condition)
   at AutoBuy.MainWindow.<BuyItem>d__39.MoveNext() in D:\SourceCode\yuclient\RemoteCenter\AutoBuy\MainWindow.xaml.cs:line 330
2021-02-03 16:21:29,751 [8] INFO  AutoBuy.MainWindow [(null)] - 5900x B08164VTWH out of stock
2021-02-03 16:21:52,660 [13] INFO  AutoBuy.MainWindow [(null)] - 3060ti TUF B083Z5P6TX out of stock
2021-02-03 16:21:55,813 [12] INFO  AutoBuy.MainWindow [(null)] - 5600x B08166SLDF 379.8 =>> over price
2021-02-03 16:22:06,151 [12] INFO  AutoBuy.MainWindow [(null)] - 3060ti EVGA B08P2H5LW2 out of stock
2021-02-03 16:22:15,116 [8] INFO  AutoBuy.MainWindow [(null)] - 5600x B08166SLDF 379.8 =>> over price
2021-02-03 16:22:17,120 [8] INFO  AutoBuy.MainWindow [(null)] - xxx B083Z7TR8Z out of stock
2021-02-03 16:22:21,289 [9] INFO  AutoBuy.MainWindow [(null)] - Fuma2 B07QMK5R45 92.82 =>> over price
2021-02-03 16:22:25,894 [8] INFO  AutoBuy.MainWindow [(null)] - 5900x B08164VTWH out of stock
2021-02-03 16:22:34,603 [14] INFO  AutoBuy.MainWindow [(null)] - 5600x B08166SLDF 379.8 =>> over price
2021-02-03 16:22:42,638 [12] INFO  AutoBuy.MainWindow [(null)] - 3060ti TUF B083Z5P6TX out of stock
2021-02-03 16:22:51,870 [12] INFO  AutoBuy.MainWindow [(null)] - 3060ti EVGA B08P2H5LW2 out of stock
2021-02-03 16:22:57,543 [14] INFO  AutoBuy.MainWindow [(null)] - 5600x B08166SLDF 379.8 =>> over price
2021-02-03 16:23:00,423 [9] INFO  AutoBuy.MainWindow [(null)] - Fuma2 B07QMK5R45 92.82 =>> over price
2021-02-03 16:23:05,630 [12] INFO  AutoBuy.MainWindow [(null)] - xxx B083Z7TR8Z out of stock
2021-02-03 16:23:13,818 [9] INFO  AutoBuy.MainWindow [(null)] - 5900x B08164VTWH out of stock
2021-02-03 16:23:19,811 [8] INFO  AutoBuy.MainWindow [(null)] - 5600x B08166SLDF 379.8 =>> over price
2021-02-03 16:23:30,795 [8] INFO  AutoBuy.MainWindow [(null)] - 3060ti TUF B083Z5P6TX out of stock
2021-02-03 16:23:38,505 [12] INFO  AutoBuy.MainWindow [(null)] - Fuma2 B07QMK5R45 92.82 =>> over price
2021-02-03 16:23:39,998 [14] INFO  AutoBuy.MainWindow [(null)] - 3060ti EVGA B08P2H5LW2 out of stock
2021-02-03 16:23:48,296 [8] INFO  AutoBuy.MainWindow [(null)] - xxx B083Z7TR8Z out of stock
2021-02-03 16:23:55,301 [9] DEBUG AutoBuy.MainWindow [(null)] - invalid session id
