2021-01-05 10:27:28,408 [4] INFO  AutoBuy.MainWindow [(null)] - 5900x B08164VTWH out of stock
2021-01-05 10:27:35,890 [4] INFO  AutoBuy.MainWindow [(null)] - 5600x B08166SLDF out of stock
2021-01-05 10:27:43,028 [4] INFO  AutoBuy.MainWindow [(null)] - Fuma2 B07QMK5R45 out of stock
2021-01-05 10:27:50,451 [4] INFO  AutoBuy.MainWindow [(null)] - 3060ti TUF B083Z5P6TX out of stock
2021-01-05 10:27:57,674 [4] INFO  AutoBuy.MainWindow [(null)] - 3060ti EVGA B08P2H5LW2 out of stock
2021-01-05 10:28:04,979 [4] INFO  AutoBuy.MainWindow [(null)] - 5900x B08164VTWH out of stock
2021-01-05 10:28:12,403 [4] INFO  AutoBuy.MainWindow [(null)] - 5600x B08166SLDF out of stock
2021-01-05 10:28:19,560 [4] INFO  AutoBuy.MainWindow [(null)] - Fuma2 B07QMK5R45 out of stock
2021-01-05 10:28:40,342 [4] INFO  AutoBuy.MainWindow [(null)] - 3060ti TUF B083Z5P6TX out of stock
2021-01-05 10:46:23,395 [9] INFO  AutoBuy.MainWindow [(null)] - 5900x B08164VTWH out of stock
2021-01-05 10:46:30,793 [9] INFO  AutoBuy.MainWindow [(null)] - 5600x B08166SLDF out of stock
2021-01-05 10:46:38,260 [9] INFO  AutoBuy.MainWindow [(null)] - Fuma2 B07QMK5R45 out of stock
2021-01-05 10:46:45,760 [9] INFO  AutoBuy.MainWindow [(null)] - 3060ti TUF B083Z5P6TX out of stock
2021-01-05 10:46:53,196 [9] INFO  AutoBuy.MainWindow [(null)] - 3060ti EVGA B08P2H5LW2 out of stock
2021-01-05 10:47:00,436 [9] INFO  AutoBuy.MainWindow [(null)] - 5900x B08164VTWH out of stock
2021-01-05 10:47:08,013 [9] INFO  AutoBuy.MainWindow [(null)] - 5600x B08166SLDF out of stock
2021-01-05 10:47:15,377 [9] INFO  AutoBuy.MainWindow [(null)] - Fuma2 B07QMK5R45 out of stock
2021-01-05 10:47:22,835 [9] INFO  AutoBuy.MainWindow [(null)] - 3060ti TUF B083Z5P6TX out of stock
2021-01-05 10:47:30,528 [9] INFO  AutoBuy.MainWindow [(null)] - 3060ti EVGA B08P2H5LW2 out of stock
2021-01-05 10:47:37,747 [9] INFO  AutoBuy.MainWindow [(null)] - 5900x B08164VTWH out of stock
2021-01-05 10:47:45,585 [9] INFO  AutoBuy.MainWindow [(null)] - 5600x B08166SLDF out of stock
2021-01-05 10:47:52,781 [9] INFO  AutoBuy.MainWindow [(null)] - Fuma2 B07QMK5R45 out of stock
2021-01-05 10:48:00,136 [9] INFO  AutoBuy.MainWindow [(null)] - 3060ti TUF B083Z5P6TX out of stock
2021-01-05 10:48:07,586 [9] INFO  AutoBuy.MainWindow [(null)] - 3060ti EVGA B08P2H5LW2 out of stock
2021-01-05 10:48:15,433 [9] INFO  AutoBuy.MainWindow [(null)] - 5900x B08164VTWH out of stock
2021-01-05 10:48:23,017 [9] INFO  AutoBuy.MainWindow [(null)] - 5600x B08166SLDF out of stock
2021-01-05 10:48:30,323 [9] INFO  AutoBuy.MainWindow [(null)] - Fuma2 B07QMK5R45 out of stock
2021-01-05 10:48:37,885 [9] INFO  AutoBuy.MainWindow [(null)] - 3060ti TUF B083Z5P6TX out of stock
2021-01-05 10:48:45,330 [9] INFO  AutoBuy.MainWindow [(null)] - 3060ti EVGA B08P2H5LW2 out of stock
2021-01-05 10:48:52,555 [9] INFO  AutoBuy.MainWindow [(null)] - 5900x B08164VTWH out of stock
2021-01-05 10:48:59,810 [9] INFO  AutoBuy.MainWindow [(null)] - 5600x B08166SLDF out of stock
2021-01-05 10:49:07,231 [9] INFO  AutoBuy.MainWindow [(null)] - Fuma2 B07QMK5R45 out of stock
2021-01-05 10:49:14,651 [9] INFO  AutoBuy.MainWindow [(null)] - 3060ti TUF B083Z5P6TX out of stock
2021-01-05 10:49:22,331 [9] INFO  AutoBuy.MainWindow [(null)] - 3060ti EVGA B08P2H5LW2 out of stock
2021-01-05 10:49:29,568 [9] INFO  AutoBuy.MainWindow [(null)] - 5900x B08164VTWH out of stock
2021-01-05 10:49:36,981 [9] INFO  AutoBuy.MainWindow [(null)] - 5600x B08166SLDF out of stock
2021-01-05 10:49:44,452 [9] INFO  AutoBuy.MainWindow [(null)] - Fuma2 B07QMK5R45 out of stock
2021-01-05 10:49:51,783 [10] INFO  AutoBuy.MainWindow [(null)] - 3060ti TUF B083Z5P6TX out of stock
2021-01-05 10:49:59,104 [9] INFO  AutoBuy.MainWindow [(null)] - 3060ti EVGA B08P2H5LW2 out of stock
2021-01-05 10:50:06,715 [9] INFO  AutoBuy.MainWindow [(null)] - 5900x B08164VTWH out of stock
2021-01-05 10:50:14,055 [10] INFO  AutoBuy.MainWindow [(null)] - 5600x B08166SLDF out of stock
2021-01-05 10:50:21,192 [12] INFO  AutoBuy.MainWindow [(null)] - Fuma2 B07QMK5R45 out of stock
2021-01-05 10:50:28,909 [10] INFO  AutoBuy.MainWindow [(null)] - 3060ti TUF B083Z5P6TX out of stock
2021-01-05 10:50:36,224 [10] INFO  AutoBuy.MainWindow [(null)] - 3060ti EVGA B08P2H5LW2 out of stock
2021-01-05 10:50:43,484 [10] INFO  AutoBuy.MainWindow [(null)] - 5900x B08164VTWH out of stock
2021-01-05 10:50:50,654 [12] INFO  AutoBuy.MainWindow [(null)] - 5600x B08166SLDF out of stock
2021-01-05 10:50:52,325 [9] INFO  AutoBuy.MainWindow [(null)] - Zotac 3060 B08P3XJLJJ out of stock
2021-01-05 10:50:58,048 [12] INFO  AutoBuy.MainWindow [(null)] - Fuma2 B07QMK5R45 out of stock
2021-01-05 10:50:59,923 [9] INFO  AutoBuy.MainWindow [(null)] - Zotac 3060 B08P3XJLJJ out of stock
2021-01-05 10:51:05,203 [12] INFO  AutoBuy.MainWindow [(null)] - 3060ti TUF B083Z5P6TX out of stock
2021-01-05 10:51:07,164 [9] INFO  AutoBuy.MainWindow [(null)] - Zotac 3060 B08P3XJLJJ out of stock
2021-01-05 10:51:12,438 [12] INFO  AutoBuy.MainWindow [(null)] - 3060ti EVGA B08P2H5LW2 out of stock
2021-01-05 10:51:14,494 [9] INFO  AutoBuy.MainWindow [(null)] - Zotac 3060 B08P3XJLJJ out of stock
2021-01-05 10:51:19,642 [12] INFO  AutoBuy.MainWindow [(null)] - 5900x B08164VTWH out of stock
2021-01-05 10:51:21,801 [9] INFO  AutoBuy.MainWindow [(null)] - Zotac 3060 B08P3XJLJJ out of stock
2021-01-05 10:51:26,900 [12] INFO  AutoBuy.MainWindow [(null)] - 5600x B08166SLDF out of stock
2021-01-05 10:51:29,409 [9] INFO  AutoBuy.MainWindow [(null)] - Zotac 3060 B08P3XJLJJ out of stock
2021-01-05 10:51:34,211 [12] INFO  AutoBuy.MainWindow [(null)] - Fuma2 B07QMK5R45 out of stock
2021-01-05 10:51:36,628 [9] INFO  AutoBuy.MainWindow [(null)] - Zotac 3060 B08P3XJLJJ out of stock
2021-01-05 10:51:41,536 [12] INFO  AutoBuy.MainWindow [(null)] - 3060ti TUF B083Z5P6TX out of stock
2021-01-05 10:51:43,951 [9] INFO  AutoBuy.MainWindow [(null)] - Zotac 3060 B08P3XJLJJ out of stock
2021-01-05 10:51:49,107 [12] INFO  AutoBuy.MainWindow [(null)] - 3060ti EVGA B08P2H5LW2 out of stock
2021-01-05 10:51:51,310 [9] INFO  AutoBuy.MainWindow [(null)] - Zotac 3060 B08P3XJLJJ out of stock
2021-01-05 10:51:56,514 [12] INFO  AutoBuy.MainWindow [(null)] - 5900x B08164VTWH out of stock
2021-01-05 10:51:58,719 [9] INFO  AutoBuy.MainWindow [(null)] - Zotac 3060 B08P3XJLJJ out of stock
2021-01-05 10:52:03,753 [12] INFO  AutoBuy.MainWindow [(null)] - 5600x B08166SLDF out of stock
2021-01-05 10:52:06,252 [9] INFO  AutoBuy.MainWindow [(null)] - Zotac 3060 B08P3XJLJJ out of stock
2021-01-05 10:52:10,913 [12] INFO  AutoBuy.MainWindow [(null)] - Fuma2 B07QMK5R45 out of stock
2021-01-05 10:52:13,631 [9] INFO  AutoBuy.MainWindow [(null)] - Zotac 3060 B08P3XJLJJ out of stock
2021-01-05 10:52:18,569 [12] INFO  AutoBuy.MainWindow [(null)] - 3060ti TUF B083Z5P6TX out of stock
2021-01-05 10:52:20,894 [9] INFO  AutoBuy.MainWindow [(null)] - Zotac 3060 B08P3XJLJJ out of stock
2021-01-05 10:52:25,845 [12] INFO  AutoBuy.MainWindow [(null)] - 3060ti EVGA B08P2H5LW2 out of stock
2021-01-05 10:52:28,180 [9] INFO  AutoBuy.MainWindow [(null)] - Zotac 3060 B08P3XJLJJ out of stock
2021-01-05 10:52:33,169 [10] INFO  AutoBuy.MainWindow [(null)] - 5900x B08164VTWH out of stock
2021-01-05 10:52:35,638 [9] INFO  AutoBuy.MainWindow [(null)] - Zotac 3060 B08P3XJLJJ out of stock
2021-01-05 10:52:40,696 [12] INFO  AutoBuy.MainWindow [(null)] - 5600x B08166SLDF out of stock
2021-01-05 10:52:43,256 [9] INFO  AutoBuy.MainWindow [(null)] - Zotac 3060 B08P3XJLJJ out of stock
2021-01-05 10:52:48,294 [12] INFO  AutoBuy.MainWindow [(null)] - Fuma2 B07QMK5R45 out of stock
2021-01-05 10:52:50,877 [9] INFO  AutoBuy.MainWindow [(null)] - Zotac 3060 B08P3XJLJJ out of stock
2021-01-05 10:52:55,583 [12] INFO  AutoBuy.MainWindow [(null)] - 3060ti TUF B083Z5P6TX out of stock
2021-01-05 10:52:58,144 [9] INFO  AutoBuy.MainWindow [(null)] - Zotac 3060 B08P3XJLJJ out of stock
2021-01-05 10:53:03,022 [12] INFO  AutoBuy.MainWindow [(null)] - 3060ti EVGA B08P2H5LW2 out of stock
2021-01-05 10:53:05,321 [9] INFO  AutoBuy.MainWindow [(null)] - Zotac 3060 B08P3XJLJJ out of stock
2021-01-05 10:53:10,228 [12] INFO  AutoBuy.MainWindow [(null)] - 5900x B08164VTWH out of stock
2021-01-05 10:53:12,529 [9] INFO  AutoBuy.MainWindow [(null)] - MSI Geforce 3060 B08QZ5GJ52 out of stock
2021-01-05 10:53:17,486 [12] INFO  AutoBuy.MainWindow [(null)] - 5600x B08166SLDF out of stock
2021-01-05 10:53:19,698 [9] INFO  AutoBuy.MainWindow [(null)] - Zotac 3060 B08P3XJLJJ out of stock
2021-01-05 10:53:24,638 [10] INFO  AutoBuy.MainWindow [(null)] - Fuma2 B07QMK5R45 out of stock
2021-01-05 10:53:26,849 [9] INFO  AutoBuy.MainWindow [(null)] - MSI Geforce 3060 B08QZ5GJ52 out of stock
2021-01-05 10:53:31,768 [12] INFO  AutoBuy.MainWindow [(null)] - 3060ti TUF B083Z5P6TX out of stock
2021-01-05 10:53:33,991 [9] INFO  AutoBuy.MainWindow [(null)] - Zotac 3060 B08P3XJLJJ out of stock
2021-01-05 10:53:38,955 [12] INFO  AutoBuy.MainWindow [(null)] - 3060ti EVGA B08P2H5LW2 out of stock
2021-01-05 10:53:41,436 [9] INFO  AutoBuy.MainWindow [(null)] - MSI Geforce 3060 B08QZ5GJ52 out of stock
2021-01-05 10:53:46,731 [12] INFO  AutoBuy.MainWindow [(null)] - 5900x B08164VTWH out of stock
2021-01-05 10:53:48,808 [9] INFO  AutoBuy.MainWindow [(null)] - Zotac 3060 B08P3XJLJJ out of stock
2021-01-05 10:53:53,930 [12] INFO  AutoBuy.MainWindow [(null)] - 5600x B08166SLDF out of stock
2021-01-05 10:53:56,094 [9] INFO  AutoBuy.MainWindow [(null)] - MSI Geforce 3060 B08QZ5GJ52 out of stock
2021-01-05 10:54:01,154 [12] INFO  AutoBuy.MainWindow [(null)] - Fuma2 B07QMK5R45 out of stock
2021-01-05 10:54:03,549 [9] INFO  AutoBuy.MainWindow [(null)] - Zotac 3060 B08P3XJLJJ out of stock
2021-01-05 10:54:08,316 [10] INFO  AutoBuy.MainWindow [(null)] - 3060ti TUF B083Z5P6TX out of stock
2021-01-05 10:54:10,986 [9] INFO  AutoBuy.MainWindow [(null)] - MSI Geforce 3060 B08QZ5GJ52 out of stock
2021-01-05 10:54:15,673 [12] INFO  AutoBuy.MainWindow [(null)] - 3060ti EVGA B08P2H5LW2 out of stock
2021-01-05 10:54:18,231 [9] INFO  AutoBuy.MainWindow [(null)] - Zotac 3060 B08P3XJLJJ out of stock
2021-01-05 10:54:23,003 [12] INFO  AutoBuy.MainWindow [(null)] - 5900x B08164VTWH out of stock
2021-01-05 10:54:25,579 [9] INFO  AutoBuy.MainWindow [(null)] - MSI Geforce 3060 B08QZ5GJ52 out of stock
2021-01-05 10:54:30,343 [12] INFO  AutoBuy.MainWindow [(null)] - 5600x B08166SLDF out of stock
2021-01-05 10:54:32,998 [9] INFO  AutoBuy.MainWindow [(null)] - Zotac 3060 B08P3XJLJJ out of stock
2021-01-05 10:54:37,546 [10] INFO  AutoBuy.MainWindow [(null)] - Fuma2 B07QMK5R45 out of stock
2021-01-05 10:54:40,336 [9] INFO  AutoBuy.MainWindow [(null)] - MSI Geforce 3060 B08QZ5GJ52 out of stock
2021-01-05 10:54:45,344 [12] INFO  AutoBuy.MainWindow [(null)] - 3060ti TUF B083Z5P6TX out of stock
2021-01-05 10:54:47,606 [9] INFO  AutoBuy.MainWindow [(null)] - Zotac 3060 B08P3XJLJJ out of stock
2021-01-05 10:54:52,666 [12] INFO  AutoBuy.MainWindow [(null)] - 3060ti EVGA B08P2H5LW2 out of stock
2021-01-05 10:54:54,887 [9] INFO  AutoBuy.MainWindow [(null)] - MSI Geforce 3060 B08QZ5GJ52 out of stock
2021-01-05 10:55:00,072 [12] INFO  AutoBuy.MainWindow [(null)] - 5900x B08164VTWH out of stock
2021-01-05 10:55:02,360 [9] INFO  AutoBuy.MainWindow [(null)] - Zotac 3060 B08P3XJLJJ out of stock
2021-01-05 10:55:07,215 [12] INFO  AutoBuy.MainWindow [(null)] - 5600x B08166SLDF out of stock
2021-01-05 10:55:09,662 [9] INFO  AutoBuy.MainWindow [(null)] - MSI Geforce 3060 B08QZ5GJ52 out of stock
2021-01-05 10:55:14,458 [12] INFO  AutoBuy.MainWindow [(null)] - Fuma2 B07QMK5R45 out of stock
2021-01-05 10:55:16,995 [9] INFO  AutoBuy.MainWindow [(null)] - Zotac 3060 B08P3XJLJJ out of stock
2021-01-05 10:55:21,953 [12] INFO  AutoBuy.MainWindow [(null)] - 3060ti TUF B083Z5P6TX out of stock
2021-01-05 10:55:24,434 [9] INFO  AutoBuy.MainWindow [(null)] - MSI Geforce 3060 B08QZ5GJ52 out of stock
2021-01-05 10:55:29,249 [12] INFO  AutoBuy.MainWindow [(null)] - 3060ti EVGA B08P2H5LW2 out of stock
2021-01-05 10:55:31,701 [9] INFO  AutoBuy.MainWindow [(null)] - Zotac 3060 B08P3XJLJJ out of stock
2021-01-05 10:55:36,602 [12] INFO  AutoBuy.MainWindow [(null)] - 5900x B08164VTWH out of stock
2021-01-05 10:55:39,256 [9] INFO  AutoBuy.MainWindow [(null)] - MSI Geforce 3060 B08QZ5GJ52 out of stock
2021-01-05 10:55:43,997 [12] INFO  AutoBuy.MainWindow [(null)] - 5600x B08166SLDF out of stock
2021-01-05 10:55:46,953 [9] INFO  AutoBuy.MainWindow [(null)] - Zotac 3060 B08P3XJLJJ out of stock
2021-01-05 10:55:51,401 [10] INFO  AutoBuy.MainWindow [(null)] - Fuma2 B07QMK5R45 out of stock
2021-01-05 10:55:54,209 [9] INFO  AutoBuy.MainWindow [(null)] - MSI Geforce 3060 B08QZ5GJ52 out of stock
2021-01-05 10:55:58,613 [12] INFO  AutoBuy.MainWindow [(null)] - 3060ti TUF B083Z5P6TX out of stock
2021-01-05 10:56:01,553 [9] INFO  AutoBuy.MainWindow [(null)] - Zotac 3060 B08P3XJLJJ out of stock
2021-01-05 10:56:05,831 [12] INFO  AutoBuy.MainWindow [(null)] - 3060ti EVGA B08P2H5LW2 out of stock
2021-01-05 10:56:08,910 [9] INFO  AutoBuy.MainWindow [(null)] - MSI Geforce 3060 B08QZ5GJ52 out of stock
2021-01-05 10:56:13,070 [9] INFO  AutoBuy.MainWindow [(null)] - 5900x B08164VTWH out of stock
2021-01-05 10:56:16,153 [9] INFO  AutoBuy.MainWindow [(null)] - Zotac 3060 B08P3XJLJJ out of stock
2021-01-05 10:56:20,449 [9] INFO  AutoBuy.MainWindow [(null)] - 5600x B08166SLDF out of stock
2021-01-05 10:56:23,621 [9] INFO  AutoBuy.MainWindow [(null)] - MSI Geforce 3060 B08QZ5GJ52 out of stock
2021-01-05 10:56:27,845 [9] INFO  AutoBuy.MainWindow [(null)] - Fuma2 B07QMK5R45 out of stock
2021-01-05 10:56:30,852 [9] INFO  AutoBuy.MainWindow [(null)] - Zotac 3060 B08P3XJLJJ out of stock
2021-01-05 10:56:35,121 [10] INFO  AutoBuy.MainWindow [(null)] - 3060ti TUF B083Z5P6TX out of stock
2021-01-05 10:56:38,186 [9] INFO  AutoBuy.MainWindow [(null)] - MSI Geforce 3060 B08QZ5GJ52 out of stock
2021-01-05 10:56:42,507 [9] INFO  AutoBuy.MainWindow [(null)] - 3060ti EVGA B08P2H5LW2 out of stock
2021-01-05 10:56:45,430 [9] INFO  AutoBuy.MainWindow [(null)] - Zotac 3060 B08P3XJLJJ out of stock
2021-01-05 10:56:49,965 [12] INFO  AutoBuy.MainWindow [(null)] - 5900x B08164VTWH out of stock
2021-01-05 10:56:52,764 [9] INFO  AutoBuy.MainWindow [(null)] - MSI Geforce 3060 B08QZ5GJ52 out of stock
2021-01-05 10:56:57,483 [12] INFO  AutoBuy.MainWindow [(null)] - 5600x B08166SLDF out of stock
2021-01-05 10:57:00,336 [9] INFO  AutoBuy.MainWindow [(null)] - Zotac 3060 B08P3XJLJJ out of stock
2021-01-05 10:57:04,895 [9] INFO  AutoBuy.MainWindow [(null)] - Fuma2 B07QMK5R45 out of stock
2021-01-05 10:57:07,661 [9] INFO  AutoBuy.MainWindow [(null)] - MSI Geforce 3060 B08QZ5GJ52 out of stock
2021-01-05 10:57:12,240 [12] INFO  AutoBuy.MainWindow [(null)] - 3060ti TUF B083Z5P6TX out of stock
2021-01-05 10:57:14,938 [9] INFO  AutoBuy.MainWindow [(null)] - Zotac 3060 B08P3XJLJJ out of stock
2021-01-05 10:57:19,564 [12] INFO  AutoBuy.MainWindow [(null)] - 3060ti EVGA B08P2H5LW2 out of stock
2021-01-05 10:57:22,296 [9] INFO  AutoBuy.MainWindow [(null)] - MSI Geforce 3060 B08QZ5GJ52 out of stock
2021-01-05 10:57:27,214 [12] INFO  AutoBuy.MainWindow [(null)] - 5900x B08164VTWH out of stock
2021-01-05 10:57:29,783 [9] INFO  AutoBuy.MainWindow [(null)] - Zotac 3060 B08P3XJLJJ out of stock
2021-01-05 10:57:34,464 [12] INFO  AutoBuy.MainWindow [(null)] - 5600x B08166SLDF out of stock
2021-01-05 10:57:37,233 [9] INFO  AutoBuy.MainWindow [(null)] - MSI Geforce 3060 B08QZ5GJ52 out of stock
2021-01-05 10:57:41,677 [12] INFO  AutoBuy.MainWindow [(null)] - Fuma2 B07QMK5R45 out of stock
2021-01-05 10:57:44,520 [9] INFO  AutoBuy.MainWindow [(null)] - Zotac 3060 B08P3XJLJJ out of stock
2021-01-05 10:57:48,908 [12] INFO  AutoBuy.MainWindow [(null)] - 3060ti TUF B083Z5P6TX out of stock
2021-01-05 10:57:51,840 [9] INFO  AutoBuy.MainWindow [(null)] - MSI Geforce 3060 B08QZ5GJ52 out of stock
2021-01-05 10:57:56,397 [12] INFO  AutoBuy.MainWindow [(null)] - 3060ti EVGA B08P2H5LW2 out of stock
2021-01-05 10:57:59,265 [9] INFO  AutoBuy.MainWindow [(null)] - Zotac 3060 B08P3XJLJJ out of stock
2021-01-05 10:58:03,868 [12] INFO  AutoBuy.MainWindow [(null)] - 5900x B08164VTWH out of stock
2021-01-05 10:58:06,845 [9] INFO  AutoBuy.MainWindow [(null)] - MSI Geforce 3060 B08QZ5GJ52 out of stock
2021-01-05 10:58:11,629 [12] INFO  AutoBuy.MainWindow [(null)] - 5600x B08166SLDF out of stock
2021-01-05 10:58:14,297 [9] INFO  AutoBuy.MainWindow [(null)] - Zotac 3060 B08P3XJLJJ out of stock
2021-01-05 10:58:18,835 [10] INFO  AutoBuy.MainWindow [(null)] - Fuma2 B07QMK5R45 out of stock
2021-01-05 10:58:21,541 [9] INFO  AutoBuy.MainWindow [(null)] - MSI Geforce 3060 B08QZ5GJ52 out of stock
2021-01-05 10:58:26,226 [12] INFO  AutoBuy.MainWindow [(null)] - 3060ti TUF B083Z5P6TX out of stock
2021-01-05 10:58:29,065 [9] INFO  AutoBuy.MainWindow [(null)] - Zotac 3060 B08P3XJLJJ out of stock
2021-01-05 10:58:33,442 [12] INFO  AutoBuy.MainWindow [(null)] - 3060ti EVGA B08P2H5LW2 out of stock
2021-01-05 10:58:36,377 [9] INFO  AutoBuy.MainWindow [(null)] - MSI Geforce 3060 B08QZ5GJ52 out of stock
2021-01-05 10:58:41,008 [9] INFO  AutoBuy.MainWindow [(null)] - 5900x B08164VTWH out of stock
2021-01-05 10:58:43,691 [9] INFO  AutoBuy.MainWindow [(null)] - Zotac 3060 B08P3XJLJJ out of stock
2021-01-05 10:58:48,530 [12] INFO  AutoBuy.MainWindow [(null)] - 5600x B08166SLDF out of stock
2021-01-05 10:58:50,982 [9] INFO  AutoBuy.MainWindow [(null)] - MSI Geforce 3060 B08QZ5GJ52 out of stock
2021-01-05 10:58:56,073 [12] INFO  AutoBuy.MainWindow [(null)] - Fuma2 B07QMK5R45 out of stock
2021-01-05 10:58:58,359 [9] INFO  AutoBuy.MainWindow [(null)] - Zotac 3060 B08P3XJLJJ out of stock
2021-01-05 10:59:03,440 [12] INFO  AutoBuy.MainWindow [(null)] - 3060ti TUF B083Z5P6TX out of stock
2021-01-05 10:59:05,685 [9] INFO  AutoBuy.MainWindow [(null)] - MSI Geforce 3060 B08QZ5GJ52 out of stock
2021-01-05 10:59:10,818 [12] INFO  AutoBuy.MainWindow [(null)] - 3060ti EVGA B08P2H5LW2 out of stock
2021-01-05 10:59:13,016 [9] INFO  AutoBuy.MainWindow [(null)] - Zotac 3060 B08P3XJLJJ out of stock
2021-01-05 10:59:18,312 [12] INFO  AutoBuy.MainWindow [(null)] - 5900x B08164VTWH out of stock
2021-01-05 10:59:20,408 [9] INFO  AutoBuy.MainWindow [(null)] - MSI Geforce 3060 B08QZ5GJ52 out of stock
2021-01-05 10:59:25,621 [12] INFO  AutoBuy.MainWindow [(null)] - 5600x B08166SLDF out of stock
2021-01-05 10:59:27,810 [9] INFO  AutoBuy.MainWindow [(null)] - Zotac 3060 B08P3XJLJJ out of stock
2021-01-05 10:59:32,847 [12] INFO  AutoBuy.MainWindow [(null)] - Fuma2 B07QMK5R45 out of stock
2021-01-05 10:59:35,355 [9] INFO  AutoBuy.MainWindow [(null)] - MSI Geforce 3060 B08QZ5GJ52 out of stock
2021-01-05 10:59:40,823 [12] INFO  AutoBuy.MainWindow [(null)] - 3060ti TUF B083Z5P6TX out of stock
2021-01-05 10:59:42,593 [9] INFO  AutoBuy.MainWindow [(null)] - Zotac 3060 B08P3XJLJJ out of stock
2021-01-05 10:59:48,031 [12] INFO  AutoBuy.MainWindow [(null)] - 3060ti EVGA B08P2H5LW2 out of stock
2021-01-05 10:59:49,851 [9] INFO  AutoBuy.MainWindow [(null)] - MSI Geforce 3060 B08QZ5GJ52 out of stock
2021-01-05 10:59:55,320 [12] INFO  AutoBuy.MainWindow [(null)] - 5900x B08164VTWH out of stock
2021-01-05 10:59:57,146 [9] INFO  AutoBuy.MainWindow [(null)] - Zotac 3060 B08P3XJLJJ out of stock
2021-01-05 11:00:02,498 [12] INFO  AutoBuy.MainWindow [(null)] - 5600x B08166SLDF out of stock
2021-01-05 11:00:04,611 [9] INFO  AutoBuy.MainWindow [(null)] - MSI Geforce 3060 B08QZ5GJ52 out of stock
2021-01-05 11:00:09,665 [12] INFO  AutoBuy.MainWindow [(null)] - Fuma2 B07QMK5R45 out of stock
2021-01-05 11:00:12,016 [9] INFO  AutoBuy.MainWindow [(null)] - Zotac 3060 B08P3XJLJJ out of stock
2021-01-05 11:00:17,077 [12] INFO  AutoBuy.MainWindow [(null)] - 3060ti TUF B083Z5P6TX out of stock
2021-01-05 11:00:19,298 [9] INFO  AutoBuy.MainWindow [(null)] - MSI Geforce 3060 B08QZ5GJ52 out of stock
2021-01-05 11:00:24,331 [12] INFO  AutoBuy.MainWindow [(null)] - 3060ti EVGA B08P2H5LW2 out of stock
2021-01-05 11:00:26,623 [9] INFO  AutoBuy.MainWindow [(null)] - Zotac 3060 B08P3XJLJJ out of stock
2021-01-05 11:00:31,730 [10] INFO  AutoBuy.MainWindow [(null)] - 5900x B08164VTWH out of stock
2021-01-05 11:00:34,122 [9] INFO  AutoBuy.MainWindow [(null)] - MSI Geforce 3060 B08QZ5GJ52 out of stock
2021-01-05 11:00:38,914 [12] INFO  AutoBuy.MainWindow [(null)] - 5600x B08166SLDF out of stock
2021-01-05 11:00:41,300 [9] INFO  AutoBuy.MainWindow [(null)] - Zotac 3060 B08P3XJLJJ out of stock
2021-01-05 11:00:46,113 [10] INFO  AutoBuy.MainWindow [(null)] - Fuma2 B07QMK5R45 out of stock
2021-01-05 11:00:48,636 [9] INFO  AutoBuy.MainWindow [(null)] - MSI Geforce 3060 B08QZ5GJ52 out of stock
2021-01-05 11:00:53,496 [12] INFO  AutoBuy.MainWindow [(null)] - 3060ti TUF B083Z5P6TX out of stock
2021-01-05 11:00:55,955 [9] INFO  AutoBuy.MainWindow [(null)] - Zotac 3060 B08P3XJLJJ out of stock
2021-01-05 11:01:00,832 [12] INFO  AutoBuy.MainWindow [(null)] - 3060ti EVGA B08P2H5LW2 out of stock
2021-01-05 11:01:03,268 [9] INFO  AutoBuy.MainWindow [(null)] - MSI Geforce 3060 B08QZ5GJ52 out of stock
2021-01-05 11:01:08,183 [12] INFO  AutoBuy.MainWindow [(null)] - 5900x B08164VTWH out of stock
2021-01-05 11:01:10,527 [9] INFO  AutoBuy.MainWindow [(null)] - Zotac 3060 B08P3XJLJJ out of stock
2021-01-05 11:01:15,483 [12] INFO  AutoBuy.MainWindow [(null)] - 5600x B08166SLDF out of stock
2021-01-05 11:01:17,845 [9] INFO  AutoBuy.MainWindow [(null)] - MSI Geforce 3060 B08QZ5GJ52 out of stock
2021-01-05 11:01:22,632 [12] INFO  AutoBuy.MainWindow [(null)] - Fuma2 B07QMK5R45 out of stock
2021-01-05 11:01:25,475 [9] INFO  AutoBuy.MainWindow [(null)] - Zotac 3060 B08P3XJLJJ out of stock
2021-01-05 11:01:30,202 [10] INFO  AutoBuy.MainWindow [(null)] - 3060ti TUF B083Z5P6TX out of stock
2021-01-05 11:01:32,909 [9] INFO  AutoBuy.MainWindow [(null)] - MSI Geforce 3060 B08QZ5GJ52 out of stock
2021-01-05 11:01:37,553 [12] INFO  AutoBuy.MainWindow [(null)] - 3060ti EVGA B08P2H5LW2 out of stock
2021-01-05 11:01:40,416 [9] INFO  AutoBuy.MainWindow [(null)] - Zotac 3060 B08P3XJLJJ out of stock
2021-01-05 11:01:44,836 [12] INFO  AutoBuy.MainWindow [(null)] - 5900x B08164VTWH out of stock
2021-01-05 11:01:47,738 [9] INFO  AutoBuy.MainWindow [(null)] - MSI Geforce 3060 B08QZ5GJ52 out of stock
2021-01-05 11:01:52,072 [12] INFO  AutoBuy.MainWindow [(null)] - 5600x B08166SLDF out of stock
2021-01-05 11:01:55,107 [9] INFO  AutoBuy.MainWindow [(null)] - Zotac 3060 B08P3XJLJJ out of stock
2021-01-05 11:01:59,374 [9] INFO  AutoBuy.MainWindow [(null)] - Fuma2 B07QMK5R45 out of stock
2021-01-05 11:02:02,482 [9] INFO  AutoBuy.MainWindow [(null)] - MSI Geforce 3060 B08QZ5GJ52 out of stock
2021-01-05 11:02:06,841 [9] INFO  AutoBuy.MainWindow [(null)] - 3060ti TUF B083Z5P6TX out of stock
2021-01-05 11:02:09,841 [9] INFO  AutoBuy.MainWindow [(null)] - Zotac 3060 B08P3XJLJJ out of stock
2021-01-05 11:02:14,146 [9] INFO  AutoBuy.MainWindow [(null)] - 3060ti EVGA B08P2H5LW2 out of stock
2021-01-05 11:02:17,423 [9] INFO  AutoBuy.MainWindow [(null)] - MSI Geforce 3060 B08QZ5GJ52 out of stock
2021-01-05 11:02:21,660 [9] INFO  AutoBuy.MainWindow [(null)] - 5900x B08164VTWH out of stock
2021-01-05 11:02:24,923 [9] INFO  AutoBuy.MainWindow [(null)] - Zotac 3060 B08P3XJLJJ out of stock
2021-01-05 11:02:28,936 [9] INFO  AutoBuy.MainWindow [(null)] - 5600x B08166SLDF out of stock
2021-01-05 11:02:32,266 [9] INFO  AutoBuy.MainWindow [(null)] - MSI Geforce 3060 B08QZ5GJ52 out of stock
2021-01-05 11:02:36,172 [9] INFO  AutoBuy.MainWindow [(null)] - Fuma2 B07QMK5R45 out of stock
2021-01-05 11:02:39,521 [9] INFO  AutoBuy.MainWindow [(null)] - Zotac 3060 B08P3XJLJJ out of stock
2021-01-05 11:02:43,394 [9] INFO  AutoBuy.MainWindow [(null)] - 3060ti TUF B083Z5P6TX out of stock
2021-01-05 11:02:46,802 [9] INFO  AutoBuy.MainWindow [(null)] - MSI Geforce 3060 B08QZ5GJ52 out of stock
2021-01-05 11:02:51,136 [9] INFO  AutoBuy.MainWindow [(null)] - 3060ti EVGA B08P2H5LW2 out of stock
2021-01-05 11:02:54,145 [9] INFO  AutoBuy.MainWindow [(null)] - Zotac 3060 B08P3XJLJJ out of stock
2021-01-05 11:02:58,526 [10] INFO  AutoBuy.MainWindow [(null)] - 5900x B08164VTWH out of stock
2021-01-05 11:03:01,771 [9] INFO  AutoBuy.MainWindow [(null)] - MSI Geforce 3060 B08QZ5GJ52 out of stock
2021-01-05 11:03:05,733 [9] INFO  AutoBuy.MainWindow [(null)] - 5600x B08166SLDF out of stock
2021-01-05 11:03:09,372 [9] INFO  AutoBuy.MainWindow [(null)] - Zotac 3060 B08P3XJLJJ out of stock
2021-01-05 11:03:13,185 [9] INFO  AutoBuy.MainWindow [(null)] - Fuma2 B07QMK5R45 out of stock
2021-01-05 11:03:16,889 [9] INFO  AutoBuy.MainWindow [(null)] - MSI Geforce 3060 B08QZ5GJ52 out of stock
2021-01-05 11:03:20,511 [9] INFO  AutoBuy.MainWindow [(null)] - 3060ti TUF B083Z5P6TX out of stock
2021-01-05 11:03:24,068 [9] INFO  AutoBuy.MainWindow [(null)] - Zotac 3060 B08P3XJLJJ out of stock
2021-01-05 11:03:27,682 [9] INFO  AutoBuy.MainWindow [(null)] - 3060ti EVGA B08P2H5LW2 out of stock
2021-01-05 11:03:31,559 [9] INFO  AutoBuy.MainWindow [(null)] - MSI Geforce 3060 B08QZ5GJ52 out of stock
2021-01-05 11:03:35,151 [9] INFO  AutoBuy.MainWindow [(null)] - 5900x B08164VTWH out of stock
2021-01-05 11:03:38,811 [9] INFO  AutoBuy.MainWindow [(null)] - Zotac 3060 B08P3XJLJJ out of stock
2021-01-05 11:03:42,787 [9] INFO  AutoBuy.MainWindow [(null)] - 5600x B08166SLDF out of stock
2021-01-05 11:03:46,120 [9] INFO  AutoBuy.MainWindow [(null)] - MSI Geforce 3060 B08QZ5GJ52 out of stock
2021-01-05 11:03:50,426 [9] INFO  AutoBuy.MainWindow [(null)] - Fuma2 B07QMK5R45 out of stock
2021-01-05 11:03:53,862 [9] INFO  AutoBuy.MainWindow [(null)] - Zotac 3060 B08P3XJLJJ out of stock
2021-01-05 11:03:57,775 [9] INFO  AutoBuy.MainWindow [(null)] - 3060ti TUF B083Z5P6TX out of stock
2021-01-05 11:04:01,288 [9] INFO  AutoBuy.MainWindow [(null)] - MSI Geforce 3060 B08QZ5GJ52 out of stock
2021-01-05 11:04:05,306 [9] INFO  AutoBuy.MainWindow [(null)] - 3060ti EVGA B08P2H5LW2 out of stock
2021-01-05 11:04:08,547 [9] INFO  AutoBuy.MainWindow [(null)] - Zotac 3060 B08P3XJLJJ out of stock
2021-01-05 11:04:12,788 [9] INFO  AutoBuy.MainWindow [(null)] - 5900x B08164VTWH out of stock
2021-01-05 11:04:15,903 [9] INFO  AutoBuy.MainWindow [(null)] - Zotac 3060 B08P3XJLJJ out of stock
2021-01-05 11:04:20,362 [9] INFO  AutoBuy.MainWindow [(null)] - 5600x B08166SLDF out of stock
2021-01-05 11:04:27,706 [9] INFO  AutoBuy.MainWindow [(null)] - Fuma2 B07QMK5R45 out of stock
2021-01-05 11:04:34,822 [12] INFO  AutoBuy.MainWindow [(null)] - 3060ti TUF B083Z5P6TX out of stock
2021-01-05 11:04:37,560 [9] INFO  AutoBuy.MainWindow [(null)] - MSI Geforce 3060 B08QZ5GJ52 out of stock
2021-01-05 11:04:42,035 [12] INFO  AutoBuy.MainWindow [(null)] - 3060ti EVGA B08P2H5LW2 out of stock
2021-01-05 11:04:44,819 [9] INFO  AutoBuy.MainWindow [(null)] - MSI Geforce 3060 B08QZ5GJ52 out of stock
2021-01-05 11:04:49,166 [12] INFO  AutoBuy.MainWindow [(null)] - 5900x B08164VTWH out of stock
2021-01-05 11:04:51,979 [9] INFO  AutoBuy.MainWindow [(null)] - MSI Geforce 3060 B08QZ5GJ52 out of stock
2021-01-05 11:04:56,380 [10] INFO  AutoBuy.MainWindow [(null)] - 5600x B08166SLDF out of stock
