2021-01-08 18:38:42,027 [5] INFO  AutoBuy.MainWindow [(null)] - 3600 N82E16819113569 out of stock
2021-01-08 18:38:46,950 [5] INFO  AutoBuy.NewEggCheckingModel [(null)] - 3600 N82E16819113569 out of stock
2021-01-08 18:40:05,771 [6] DEBUG AutoBuy.NewEggCheckingModel [(null)] - element click intercepted: Element <button type="button" class="btn btn-primary checkout-step-action-done layout-quarter">...</button> is not clickable at point (982, 950). Other element would receive the click: <div class="summary-wrap">...</div>
  (Session info: chrome=87.0.4280.141)
2021-01-08 18:40:05,818 [6] ERROR AutoBuy.NewEggCheckingModel [(null)] -    at OpenQA.Selenium.Remote.RemoteWebDriver.UnpackAndThrowOnError(Response errorResponse)
   at OpenQA.Selenium.Remote.RemoteWebDriver.Execute(String driverCommandToExecute, Dictionary`2 parameters)
   at OpenQA.Selenium.Remote.RemoteWebElement.Execute(String commandToExecute, Dictionary`2 parameters)
   at AutoBuy.NewEggCheckingModel.<BuyItemAsync>d__30.MoveNext() in D:\SourceCode\yuclient\RemoteCenter\AutoBuy\NewEggCheckingModel.cs:line 307
2021-01-08 18:43:20,324 [5] ERROR AutoBuy.NewEggCheckingModel [(null)] - no such element: Unable to locate element: {"method":"xpath","selector":"//*[@data-target= '#Popup_Remove_All']"}
  (Session info: chrome=87.0.4280.141)
2021-01-08 18:44:00,662 [5] DEBUG AutoBuy.NewEggCheckingModel [(null)] - element click intercepted: Element <button type="button" class="btn btn-primary checkout-step-action-done layout-quarter">...</button> is not clickable at point (982, 950). Other element would receive the click: <div class="summary-wrap">...</div>
  (Session info: chrome=87.0.4280.141)
2021-01-08 18:44:00,718 [5] ERROR AutoBuy.NewEggCheckingModel [(null)] -    at OpenQA.Selenium.Remote.RemoteWebDriver.UnpackAndThrowOnError(Response errorResponse)
   at OpenQA.Selenium.Remote.RemoteWebDriver.Execute(String driverCommandToExecute, Dictionary`2 parameters)
   at OpenQA.Selenium.Remote.RemoteWebElement.Execute(String commandToExecute, Dictionary`2 parameters)
   at AutoBuy.NewEggCheckingModel.<BuyItemAsync>d__30.MoveNext() in D:\SourceCode\yuclient\RemoteCenter\AutoBuy\NewEggCheckingModel.cs:line 308
2021-01-08 18:46:33,090 [5] ERROR AutoBuy.NewEggCheckingModel [(null)] - stale element reference: element is not attached to the page document
  (Session info: chrome=87.0.4280.141)
2021-01-08 18:47:05,201 [13] DEBUG AutoBuy.NewEggCheckingModel [(null)] - no such element: Unable to locate element: {"method":"xpath","selector":"//*[contains(text(),'Continue to payment')]"}
  (Session info: chrome=87.0.4280.141)
2021-01-08 18:47:05,258 [13] ERROR AutoBuy.NewEggCheckingModel [(null)] -    at OpenQA.Selenium.Remote.RemoteWebDriver.UnpackAndThrowOnError(Response errorResponse)
   at OpenQA.Selenium.Remote.RemoteWebDriver.Execute(String driverCommandToExecute, Dictionary`2 parameters)
   at OpenQA.Selenium.Remote.RemoteWebDriver.FindElement(String mechanism, String value)
   at AutoBuy.NewEggCheckingModel.<BuyItemAsync>d__30.MoveNext() in D:\SourceCode\yuclient\RemoteCenter\AutoBuy\NewEggCheckingModel.cs:line 298
2021-01-08 18:47:55,943 [12] DEBUG AutoBuy.NewEggCheckingModel [(null)] - no such element: Unable to locate element: {"method":"xpath","selector":"//*[contains(text(),'Continue to payment')]"}
  (Session info: chrome=87.0.4280.141)
2021-01-08 18:47:55,976 [12] ERROR AutoBuy.NewEggCheckingModel [(null)] -    at OpenQA.Selenium.Remote.RemoteWebDriver.UnpackAndThrowOnError(Response errorResponse)
   at OpenQA.Selenium.Remote.RemoteWebDriver.Execute(String driverCommandToExecute, Dictionary`2 parameters)
   at OpenQA.Selenium.Remote.RemoteWebDriver.FindElement(String mechanism, String value)
   at AutoBuy.NewEggCheckingModel.<BuyItemAsync>d__30.MoveNext() in D:\SourceCode\yuclient\RemoteCenter\AutoBuy\NewEggCheckingModel.cs:line 298
2021-01-08 18:48:57,191 [5] DEBUG AutoBuy.NewEggCheckingModel [(null)] - no such element: Unable to locate element: {"method":"xpath","selector":"//*[contains(text(),'Thank you for your order')]"}
  (Session info: chrome=87.0.4280.141)
2021-01-08 18:48:57,229 [5] ERROR AutoBuy.NewEggCheckingModel [(null)] -    at OpenQA.Selenium.Remote.RemoteWebDriver.UnpackAndThrowOnError(Response errorResponse)
   at OpenQA.Selenium.Remote.RemoteWebDriver.Execute(String driverCommandToExecute, Dictionary`2 parameters)
   at OpenQA.Selenium.Remote.RemoteWebDriver.FindElement(String mechanism, String value)
   at AutoBuy.NewEggCheckingModel.<BuyItemAsync>d__30.MoveNext() in D:\SourceCode\yuclient\RemoteCenter\AutoBuy\NewEggCheckingModel.cs:line 316
