2021-01-15 15:44:41,034 [7] ERROR AutoBuy.NewEggCheckingModel [(null)] - no such element: Unable to locate element: {"method":"xpath","selector":"labeled-input-password"}
  (Session info: chrome=87.0.4280.141)
2021-01-15 15:48:07,850 [6] ERROR AutoBuy.NewEggCheckingModel [(null)] - no such element: Unable to locate element: {"method":"css selector","selector":"#labeled\-input\-password"}
  (Session info: chrome=87.0.4280.141)
2021-01-15 16:58:46,561 [5] INFO  AutoBuy.NewEggCheckingModel [(null)] - Test N82E16822184773 out of stock
2021-01-15 16:59:58,420 [6] DEBUG AutoBuy.NewEggCheckingModel [(null)] - no such element: Unable to locate element: {"method":"xpath","selector":"//*[contains(text(),'Continue to payment')]"}
  (Session info: chrome=87.0.4280.141)
2021-01-15 16:59:58,581 [6] ERROR AutoBuy.NewEggCheckingModel [(null)] -    at OpenQA.Selenium.Remote.RemoteWebDriver.UnpackAndThrowOnError(Response errorResponse)
   at OpenQA.Selenium.Remote.RemoteWebDriver.Execute(String driverCommandToExecute, Dictionary`2 parameters)
   at OpenQA.Selenium.Remote.RemoteWebDriver.FindElement(String mechanism, String value)
   at AutoBuy.NewEggCheckingModel.<BuyItemAsync>d__33.MoveNext() in D:\SourceCode\yuclient\RemoteCenter\AutoBuy\NewEggCheckingModel.cs:line 333
2021-01-15 17:00:59,660 [12] DEBUG AutoBuy.NewEggCheckingModel [(null)] - no such element: Unable to locate element: {"method":"xpath","selector":"//*[contains(text(),'Continue to payment')]"}
  (Session info: chrome=87.0.4280.141)
2021-01-15 17:00:59,680 [12] ERROR AutoBuy.NewEggCheckingModel [(null)] -    at OpenQA.Selenium.Remote.RemoteWebDriver.UnpackAndThrowOnError(Response errorResponse)
   at OpenQA.Selenium.Remote.RemoteWebDriver.Execute(String driverCommandToExecute, Dictionary`2 parameters)
   at OpenQA.Selenium.Remote.RemoteWebDriver.FindElement(String mechanism, String value)
   at AutoBuy.NewEggCheckingModel.<BuyItemAsync>d__33.MoveNext() in D:\SourceCode\yuclient\RemoteCenter\AutoBuy\NewEggCheckingModel.cs:line 333
2021-01-15 17:01:51,834 [12] DEBUG AutoBuy.NewEggCheckingModel [(null)] - no such element: Unable to locate element: {"method":"xpath","selector":"//*[contains(text(),'Continue to payment')]"}
  (Session info: chrome=87.0.4280.141)
2021-01-15 17:01:51,860 [12] ERROR AutoBuy.NewEggCheckingModel [(null)] -    at OpenQA.Selenium.Remote.RemoteWebDriver.UnpackAndThrowOnError(Response errorResponse)
   at OpenQA.Selenium.Remote.RemoteWebDriver.Execute(String driverCommandToExecute, Dictionary`2 parameters)
   at OpenQA.Selenium.Remote.RemoteWebDriver.FindElement(String mechanism, String value)
   at AutoBuy.NewEggCheckingModel.<BuyItemAsync>d__33.MoveNext() in D:\SourceCode\yuclient\RemoteCenter\AutoBuy\NewEggCheckingModel.cs:line 333
2021-01-15 17:02:04,059 [12] INFO  AutoBuy.NewEggCheckingModel [(null)] - Test N82E16822184773 out of stock
2021-01-15 17:09:27,941 [12] DEBUG AutoBuy.NewEggCheckingModel [(null)] - element not interactable
  (Session info: chrome=87.0.4280.141)
2021-01-15 17:09:28,097 [12] ERROR AutoBuy.NewEggCheckingModel [(null)] -    at OpenQA.Selenium.Remote.RemoteWebDriver.UnpackAndThrowOnError(Response errorResponse)
   at OpenQA.Selenium.Remote.RemoteWebDriver.Execute(String driverCommandToExecute, Dictionary`2 parameters)
   at OpenQA.Selenium.Remote.RemoteWebElement.Execute(String commandToExecute, Dictionary`2 parameters)
   at AutoBuy.NewEggCheckingModel.<BuyItemAsync>d__33.MoveNext() in D:\SourceCode\yuclient\RemoteCenter\AutoBuy\NewEggCheckingModel.cs:line 373
2021-01-15 17:10:22,092 [12] DEBUG AutoBuy.NewEggCheckingModel [(null)] - element not interactable
  (Session info: chrome=87.0.4280.141)
2021-01-15 17:10:22,124 [12] ERROR AutoBuy.NewEggCheckingModel [(null)] -    at OpenQA.Selenium.Remote.RemoteWebDriver.UnpackAndThrowOnError(Response errorResponse)
   at OpenQA.Selenium.Remote.RemoteWebDriver.Execute(String driverCommandToExecute, Dictionary`2 parameters)
   at OpenQA.Selenium.Remote.RemoteWebElement.Execute(String commandToExecute, Dictionary`2 parameters)
   at AutoBuy.NewEggCheckingModel.<BuyItemAsync>d__33.MoveNext() in D:\SourceCode\yuclient\RemoteCenter\AutoBuy\NewEggCheckingModel.cs:line 373
2021-01-15 17:24:56,718 [12] DEBUG AutoBuy.NewEggCheckingModel [(null)] - no such element: Unable to locate element: {"method":"xpath","selector":"//*[contains(text(),'Thank you for your order')]"}
  (Session info: chrome=87.0.4280.141)
2021-01-15 17:24:56,918 [12] ERROR AutoBuy.NewEggCheckingModel [(null)] -    at OpenQA.Selenium.Remote.RemoteWebDriver.UnpackAndThrowOnError(Response errorResponse)
   at OpenQA.Selenium.Remote.RemoteWebDriver.Execute(String driverCommandToExecute, Dictionary`2 parameters)
   at OpenQA.Selenium.Remote.RemoteWebDriver.FindElement(String mechanism, String value)
   at AutoBuy.NewEggCheckingModel.<BuyItemAsync>d__33.MoveNext() in D:\SourceCode\yuclient\RemoteCenter\AutoBuy\NewEggCheckingModel.cs:line 376
2021-01-15 17:25:32,221 [12] DEBUG AutoBuy.NewEggCheckingModel [(null)] - invalid session id
2021-01-15 17:25:32,260 [12] ERROR AutoBuy.NewEggCheckingModel [(null)] -    at OpenQA.Selenium.Remote.RemoteWebDriver.UnpackAndThrowOnError(Response errorResponse)
   at OpenQA.Selenium.Remote.RemoteWebDriver.Execute(String driverCommandToExecute, Dictionary`2 parameters)
   at OpenQA.Selenium.Remote.RemoteWebDriver.FindElement(String mechanism, String value)
   at AutoBuy.NewEggCheckingModel.<BuyItemAsync>d__33.MoveNext() in D:\SourceCode\yuclient\RemoteCenter\AutoBuy\NewEggCheckingModel.cs:line 308
2021-01-15 17:25:32,379 [14] DEBUG AutoBuy.NewEggCheckingModel [(null)] - invalid session id
2021-01-15 17:25:32,417 [14] ERROR AutoBuy.NewEggCheckingModel [(null)] -    at OpenQA.Selenium.Remote.RemoteWebDriver.UnpackAndThrowOnError(Response errorResponse)
   at OpenQA.Selenium.Remote.RemoteWebDriver.Execute(String driverCommandToExecute, Dictionary`2 parameters)
   at OpenQA.Selenium.Remote.RemoteWebDriver.GetScreenshot()
   at AutoBuy.NewEggCheckingModel.<>c__DisplayClass34_0.<TakeSnapShot>b__0() in D:\SourceCode\yuclient\RemoteCenter\AutoBuy\NewEggCheckingModel.cs:line 409
