2020-12-29 10:31:18,375 [4] INFO  AutoBuy.MainWindow [(null)] - 5900x B08164VTWH out of stock
2020-12-29 10:31:46,632 [4] INFO  AutoBuy.MainWindow [(null)] - 5900x B08164VTWH out of stock
2020-12-29 10:31:55,883 [4] INFO  AutoBuy.MainWindow [(null)] - 5600x B08166SLDF out of stock
2020-12-29 10:32:16,054 [4] INFO  AutoBuy.MainWindow [(null)] - 3060ti EVGA B08P2H5LW2 out of stock
2020-12-29 10:32:25,875 [4] INFO  AutoBuy.MainWindow [(null)] - 5900x B08164VTWH out of stock
2020-12-29 10:32:35,440 [4] INFO  AutoBuy.MainWindow [(null)] - 5600x B08166SLDF out of stock
2020-12-29 10:32:44,642 [12] INFO  AutoBuy.MainWindow [(null)] - 3060ti EVGA B08P2H5LW2 out of stock
2020-12-29 10:32:54,212 [4] INFO  AutoBuy.MainWindow [(null)] - 5900x B08164VTWH out of stock
2020-12-29 10:33:03,585 [4] INFO  AutoBuy.MainWindow [(null)] - 5600x B08166SLDF out of stock
2020-12-29 10:33:13,080 [4] INFO  AutoBuy.MainWindow [(null)] - 3060ti EVGA B08P2H5LW2 out of stock
2020-12-29 10:33:22,317 [4] INFO  AutoBuy.MainWindow [(null)] - 5900x B08164VTWH out of stock
2020-12-29 10:33:31,705 [4] INFO  AutoBuy.MainWindow [(null)] - 5600x B08166SLDF out of stock
2020-12-29 10:33:41,595 [4] INFO  AutoBuy.MainWindow [(null)] - 3060ti EVGA B08P2H5LW2 out of stock
2020-12-29 10:33:51,061 [4] INFO  AutoBuy.MainWindow [(null)] - 5900x B08164VTWH out of stock
2020-12-29 10:34:00,461 [4] INFO  AutoBuy.MainWindow [(null)] - 5600x B08166SLDF out of stock
2020-12-29 10:34:11,719 [4] INFO  AutoBuy.MainWindow [(null)] - 3060ti EVGA B08P2H5LW2 out of stock
2020-12-29 10:34:35,608 [4] INFO  AutoBuy.MainWindow [(null)] - 5900x B08164VTWH out of stock
2020-12-29 10:34:45,938 [4] INFO  AutoBuy.MainWindow [(null)] - 5600x B08166SLDF out of stock
2020-12-29 10:34:55,326 [4] INFO  AutoBuy.MainWindow [(null)] - 3060ti EVGA B08P2H5LW2 out of stock
2020-12-29 10:35:14,890 [4] INFO  AutoBuy.MainWindow [(null)] - 5900x B08164VTWH out of stock
2020-12-29 10:35:24,550 [4] INFO  AutoBuy.MainWindow [(null)] - 5600x B08166SLDF out of stock
2020-12-29 10:35:33,940 [4] INFO  AutoBuy.MainWindow [(null)] - 3060ti EVGA B08P2H5LW2 out of stock
2020-12-29 12:03:04,383 [9] INFO  AutoBuy.CheckingModel [(null)] - 3600 N82E16819113569 out of stock
2020-12-29 12:03:22,482 [9] INFO  AutoBuy.CheckingModel [(null)] - 3600 N82E16819113569 out of stock
2020-12-29 12:03:35,822 [9] INFO  AutoBuy.CheckingModel [(null)] - 3600 N82E16819113569 out of stock
2020-12-29 12:03:54,441 [9] INFO  AutoBuy.CheckingModel [(null)] - 3600 N82E16819113569 out of stock
2020-12-29 12:05:35,133 [9] INFO  AutoBuy.CheckingModel [(null)] - 3600 N82E16819113569 out of stock
2020-12-29 12:12:17,722 [9] INFO  AutoBuy.CheckingModel [(null)] - 3600x N82E16819113569 out of stock
2020-12-29 12:12:31,033 [9] INFO  AutoBuy.CheckingModel [(null)] - 3600x N82E16819113569 out of stock
2020-12-29 12:12:50,288 [9] INFO  AutoBuy.CheckingModel [(null)] - 3600x N82E16819113569 out of stock
2020-12-29 12:13:49,693 [9] INFO  AutoBuy.CheckingModel [(null)] - 3600x N82E16819113569 out of stock
2020-12-29 12:14:36,509 [9] INFO  AutoBuy.CheckingModel [(null)] - 3600x N82E16819113569 out of stock
2020-12-29 12:25:03,409 [9] INFO  AutoBuy.CheckingModel [(null)] - 5600x N82E16819113666 out of stock
2020-12-29 12:25:37,650 [9] INFO  AutoBuy.CheckingModel [(null)] - 5600x N82E16819113666 out of stock
2020-12-29 14:15:30,143 [10] INFO  AutoBuy.MainWindow [(null)] - mx4 B0795DP124 stock at 12.99
2020-12-29 14:15:44,775 [10] DEBUG AutoBuy.MainWindow [(null)] - Timed out after 5 seconds
2020-12-29 14:15:44,853 [10] ERROR AutoBuy.MainWindow [(null)] -    at OpenQA.Selenium.Support.UI.DefaultWait`1.ThrowTimeoutException(String exceptionMessage, Exception lastException)
   at OpenQA.Selenium.Support.UI.DefaultWait`1.Until[TResult](Func`2 condition)
   at AutoBuy.MainWindow.<BuyItem>d__36.MoveNext() in D:\SourceCode\yuclient\RemoteCenter\AutoBuy\MainWindow.xaml.cs:line 333
2020-12-29 14:16:02,075 [10] INFO  AutoBuy.MainWindow [(null)] - mx4 B0795DP124 stock at 12.99
2020-12-29 14:16:16,488 [10] DEBUG AutoBuy.MainWindow [(null)] - Timed out after 5 seconds
2020-12-29 14:16:16,515 [10] ERROR AutoBuy.MainWindow [(null)] -    at OpenQA.Selenium.Support.UI.DefaultWait`1.ThrowTimeoutException(String exceptionMessage, Exception lastException)
   at OpenQA.Selenium.Support.UI.DefaultWait`1.Until[TResult](Func`2 condition)
   at AutoBuy.MainWindow.<BuyItem>d__36.MoveNext() in D:\SourceCode\yuclient\RemoteCenter\AutoBuy\MainWindow.xaml.cs:line 333
2020-12-29 14:16:35,607 [10] DEBUG AutoBuy.MainWindow [(null)] - Timed out after 5 seconds
2020-12-29 14:16:56,804 [13] DEBUG AutoBuy.MainWindow [(null)] - Timed out after 5 seconds
2020-12-29 14:17:24,023 [13] DEBUG AutoBuy.MainWindow [(null)] - Timed out after 5 seconds
2020-12-29 14:18:14,865 [15] INFO  AutoBuy.MainWindow [(null)] - Fuma B07QMK5R45 stock at 59.99
2020-12-29 14:18:29,136 [15] DEBUG AutoBuy.MainWindow [(null)] - Timed out after 5 seconds
2020-12-29 14:18:29,159 [15] ERROR AutoBuy.MainWindow [(null)] -    at OpenQA.Selenium.Support.UI.DefaultWait`1.ThrowTimeoutException(String exceptionMessage, Exception lastException)
   at OpenQA.Selenium.Support.UI.DefaultWait`1.Until[TResult](Func`2 condition)
   at AutoBuy.MainWindow.<BuyItem>d__36.MoveNext() in D:\SourceCode\yuclient\RemoteCenter\AutoBuy\MainWindow.xaml.cs:line 333
2020-12-29 14:18:44,149 [11] INFO  AutoBuy.MainWindow [(null)] - Fuma B07QMK5R45 stock at 59.99
2020-12-29 14:18:45,710 [11] DEBUG AutoBuy.MainWindow [(null)] - element click intercepted: Element <input id="buy-now-button" name="submit.buy-now" data-hover="Select <b>__dims__" class="a-button-input" type="submit" aria-labelledby="submit.buy-now-announce"> is not clickable at point (1575, 560). Other element would receive the click: <div class="a-modal-scroller a-declarative" data-action="a-popover-floating-close" style="padding-bottom: 0px; visibility: visible;">...</div>
  (Session info: chrome=87.0.4280.88)
2020-12-29 14:34:48,386 [11] INFO  AutoBuy.MainWindow [(null)] - Fuma B07QMK5R45 stock at 59.99
2020-12-29 14:35:03,243 [11] DEBUG AutoBuy.MainWindow [(null)] - Timed out after 5 seconds
2020-12-29 14:35:03,263 [11] ERROR AutoBuy.MainWindow [(null)] -    at OpenQA.Selenium.Support.UI.DefaultWait`1.ThrowTimeoutException(String exceptionMessage, Exception lastException)
   at OpenQA.Selenium.Support.UI.DefaultWait`1.Until[TResult](Func`2 condition)
   at AutoBuy.MainWindow.<BuyItem>d__36.MoveNext() in D:\SourceCode\yuclient\RemoteCenter\AutoBuy\MainWindow.xaml.cs:line 333
2020-12-29 14:35:26,937 [16] INFO  AutoBuy.MainWindow [(null)] - Fuma B07QMK5R45 stock at 59.99
2020-12-29 14:35:41,017 [16] DEBUG AutoBuy.MainWindow [(null)] - Timed out after 5 seconds
2020-12-29 14:35:41,037 [16] ERROR AutoBuy.MainWindow [(null)] -    at OpenQA.Selenium.Support.UI.DefaultWait`1.ThrowTimeoutException(String exceptionMessage, Exception lastException)
   at OpenQA.Selenium.Support.UI.DefaultWait`1.Until[TResult](Func`2 condition)
   at AutoBuy.MainWindow.<BuyItem>d__36.MoveNext() in D:\SourceCode\yuclient\RemoteCenter\AutoBuy\MainWindow.xaml.cs:line 333
2020-12-29 14:36:00,811 [16] INFO  AutoBuy.MainWindow [(null)] - Fuma B07QMK5R45 stock at 59.99
2020-12-29 14:36:14,664 [16] DEBUG AutoBuy.MainWindow [(null)] - Timed out after 5 seconds
2020-12-29 14:36:14,687 [16] ERROR AutoBuy.MainWindow [(null)] -    at OpenQA.Selenium.Support.UI.DefaultWait`1.ThrowTimeoutException(String exceptionMessage, Exception lastException)
   at OpenQA.Selenium.Support.UI.DefaultWait`1.Until[TResult](Func`2 condition)
   at AutoBuy.MainWindow.<BuyItem>d__36.MoveNext() in D:\SourceCode\yuclient\RemoteCenter\AutoBuy\MainWindow.xaml.cs:line 333
2020-12-29 14:36:35,316 [16] INFO  AutoBuy.MainWindow [(null)] - Fuma B07QMK5R45 stock at 59.99
2020-12-29 14:36:48,643 [16] DEBUG AutoBuy.MainWindow [(null)] - Timed out after 5 seconds
2020-12-29 14:36:48,673 [16] ERROR AutoBuy.MainWindow [(null)] -    at OpenQA.Selenium.Support.UI.DefaultWait`1.ThrowTimeoutException(String exceptionMessage, Exception lastException)
   at OpenQA.Selenium.Support.UI.DefaultWait`1.Until[TResult](Func`2 condition)
   at AutoBuy.MainWindow.<BuyItem>d__36.MoveNext() in D:\SourceCode\yuclient\RemoteCenter\AutoBuy\MainWindow.xaml.cs:line 333
2020-12-29 14:37:09,222 [16] INFO  AutoBuy.MainWindow [(null)] - Fuma B07QMK5R45 stock at 59.99
2020-12-29 14:37:22,542 [16] DEBUG AutoBuy.MainWindow [(null)] - Timed out after 5 seconds
2020-12-29 14:37:22,561 [16] ERROR AutoBuy.MainWindow [(null)] -    at OpenQA.Selenium.Support.UI.DefaultWait`1.ThrowTimeoutException(String exceptionMessage, Exception lastException)
   at OpenQA.Selenium.Support.UI.DefaultWait`1.Until[TResult](Func`2 condition)
   at AutoBuy.MainWindow.<BuyItem>d__36.MoveNext() in D:\SourceCode\yuclient\RemoteCenter\AutoBuy\MainWindow.xaml.cs:line 333
2020-12-29 14:37:43,922 [16] INFO  AutoBuy.MainWindow [(null)] - Fuma B07QMK5R45 stock at 59.99
2020-12-29 14:37:55,126 [16] DEBUG AutoBuy.MainWindow [(null)] - Timed out after 5 seconds
2020-12-29 14:37:55,230 [16] ERROR AutoBuy.MainWindow [(null)] -    at OpenQA.Selenium.Support.UI.DefaultWait`1.ThrowTimeoutException(String exceptionMessage, Exception lastException)
   at OpenQA.Selenium.Support.UI.DefaultWait`1.Until[TResult](Func`2 condition)
   at AutoBuy.MainWindow.<BuyItem>d__36.MoveNext() in D:\SourceCode\yuclient\RemoteCenter\AutoBuy\MainWindow.xaml.cs:line 319
2020-12-29 14:38:16,452 [16] INFO  AutoBuy.MainWindow [(null)] - Fuma B07QMK5R45 stock at 59.99
2020-12-29 14:38:30,598 [16] DEBUG AutoBuy.MainWindow [(null)] - Timed out after 5 seconds
2020-12-29 14:38:30,619 [16] ERROR AutoBuy.MainWindow [(null)] -    at OpenQA.Selenium.Support.UI.DefaultWait`1.ThrowTimeoutException(String exceptionMessage, Exception lastException)
   at OpenQA.Selenium.Support.UI.DefaultWait`1.Until[TResult](Func`2 condition)
   at AutoBuy.MainWindow.<BuyItem>d__36.MoveNext() in D:\SourceCode\yuclient\RemoteCenter\AutoBuy\MainWindow.xaml.cs:line 333
2020-12-29 14:38:50,395 [16] INFO  AutoBuy.MainWindow [(null)] - Fuma B07QMK5R45 stock at 59.99
2020-12-29 14:39:02,768 [16] DEBUG AutoBuy.MainWindow [(null)] - Timed out after 5 seconds
2020-12-29 14:39:02,799 [16] ERROR AutoBuy.MainWindow [(null)] -    at OpenQA.Selenium.Support.UI.DefaultWait`1.ThrowTimeoutException(String exceptionMessage, Exception lastException)
   at OpenQA.Selenium.Support.UI.DefaultWait`1.Until[TResult](Func`2 condition)
   at AutoBuy.MainWindow.<BuyItem>d__36.MoveNext() in D:\SourceCode\yuclient\RemoteCenter\AutoBuy\MainWindow.xaml.cs:line 333
2020-12-29 14:39:23,118 [16] INFO  AutoBuy.MainWindow [(null)] - Fuma B07QMK5R45 stock at 59.99
2020-12-29 14:39:38,383 [16] DEBUG AutoBuy.MainWindow [(null)] - Timed out after 5 seconds
2020-12-29 14:39:38,413 [16] ERROR AutoBuy.MainWindow [(null)] -    at OpenQA.Selenium.Support.UI.DefaultWait`1.ThrowTimeoutException(String exceptionMessage, Exception lastException)
   at OpenQA.Selenium.Support.UI.DefaultWait`1.Until[TResult](Func`2 condition)
   at AutoBuy.MainWindow.<BuyItem>d__36.MoveNext() in D:\SourceCode\yuclient\RemoteCenter\AutoBuy\MainWindow.xaml.cs:line 333
2020-12-29 14:40:11,869 [15] DEBUG AutoBuy.MainWindow [(null)] - invalid session id
2020-12-29 14:40:20,117 [16] DEBUG AutoBuy.MainWindow [(null)] - A exception with a null response was thrown sending an HTTP request to the remote WebDriver server for URL http://localhost:61875/session//screenshot. The status of the exception was ConnectFailure, and the message was: Unable to connect to the remote server
2020-12-29 14:40:20,154 [16] ERROR AutoBuy.MainWindow [(null)] -    at OpenQA.Selenium.Remote.HttpCommandExecutor.MakeHttpRequest(HttpRequestInfo requestInfo)
   at OpenQA.Selenium.Remote.HttpCommandExecutor.Execute(Command commandToExecute)
   at OpenQA.Selenium.Remote.DriverServiceCommandExecutor.Execute(Command commandToExecute)
   at OpenQA.Selenium.Remote.RemoteWebDriver.Execute(String driverCommandToExecute, Dictionary`2 parameters)
   at OpenQA.Selenium.Remote.RemoteWebDriver.GetScreenshot()
   at AutoBuy.MainWindow.<>c__DisplayClass43_0.<TakeSnapShot>b__0() in D:\SourceCode\yuclient\RemoteCenter\AutoBuy\MainWindow.xaml.cs:line 475
2020-12-29 14:40:47,084 [14] INFO  AutoBuy.MainWindow [(null)] - Fuma B07QMK5R45 stock at 59.99
2020-12-29 14:40:59,080 [14] DEBUG AutoBuy.MainWindow [(null)] - Timed out after 5 seconds
2020-12-29 14:40:59,119 [14] ERROR AutoBuy.MainWindow [(null)] -    at OpenQA.Selenium.Support.UI.DefaultWait`1.ThrowTimeoutException(String exceptionMessage, Exception lastException)
   at OpenQA.Selenium.Support.UI.DefaultWait`1.Until[TResult](Func`2 condition)
   at AutoBuy.MainWindow.<BuyItem>d__36.MoveNext() in D:\SourceCode\yuclient\RemoteCenter\AutoBuy\MainWindow.xaml.cs:line 333
2020-12-29 14:41:13,537 [14] INFO  AutoBuy.MainWindow [(null)] - Fuma B07QMK5R45 stock at 59.99
2020-12-29 14:41:23,845 [14] DEBUG AutoBuy.MainWindow [(null)] - Timed out after 5 seconds
2020-12-29 14:41:23,882 [14] ERROR AutoBuy.MainWindow [(null)] -    at OpenQA.Selenium.Support.UI.DefaultWait`1.ThrowTimeoutException(String exceptionMessage, Exception lastException)
   at OpenQA.Selenium.Support.UI.DefaultWait`1.Until[TResult](Func`2 condition)
   at AutoBuy.MainWindow.<BuyItem>d__36.MoveNext() in D:\SourceCode\yuclient\RemoteCenter\AutoBuy\MainWindow.xaml.cs:line 319
2020-12-29 14:41:44,269 [15] INFO  AutoBuy.MainWindow [(null)] - Fuma B07QMK5R45 stock at 59.99
2020-12-29 14:41:56,994 [15] DEBUG AutoBuy.MainWindow [(null)] - Timed out after 5 seconds
2020-12-29 14:41:57,019 [15] ERROR AutoBuy.MainWindow [(null)] -    at OpenQA.Selenium.Support.UI.DefaultWait`1.ThrowTimeoutException(String exceptionMessage, Exception lastException)
   at OpenQA.Selenium.Support.UI.DefaultWait`1.Until[TResult](Func`2 condition)
   at AutoBuy.MainWindow.<BuyItem>d__36.MoveNext() in D:\SourceCode\yuclient\RemoteCenter\AutoBuy\MainWindow.xaml.cs:line 333
2020-12-29 14:42:17,630 [15] INFO  AutoBuy.MainWindow [(null)] - Fuma B07QMK5R45 stock at 59.99
2020-12-29 14:42:29,243 [15] DEBUG AutoBuy.MainWindow [(null)] - Timed out after 5 seconds
2020-12-29 14:42:29,269 [15] ERROR AutoBuy.MainWindow [(null)] -    at OpenQA.Selenium.Support.UI.DefaultWait`1.ThrowTimeoutException(String exceptionMessage, Exception lastException)
   at OpenQA.Selenium.Support.UI.DefaultWait`1.Until[TResult](Func`2 condition)
   at AutoBuy.MainWindow.<BuyItem>d__36.MoveNext() in D:\SourceCode\yuclient\RemoteCenter\AutoBuy\MainWindow.xaml.cs:line 333
2020-12-29 14:42:51,618 [15] INFO  AutoBuy.MainWindow [(null)] - Fuma B07QMK5R45 stock at 59.99
2020-12-29 14:43:03,226 [15] DEBUG AutoBuy.MainWindow [(null)] - Timed out after 5 seconds
2020-12-29 14:43:03,250 [15] ERROR AutoBuy.MainWindow [(null)] -    at OpenQA.Selenium.Support.UI.DefaultWait`1.ThrowTimeoutException(String exceptionMessage, Exception lastException)
   at OpenQA.Selenium.Support.UI.DefaultWait`1.Until[TResult](Func`2 condition)
   at AutoBuy.MainWindow.<BuyItem>d__36.MoveNext() in D:\SourceCode\yuclient\RemoteCenter\AutoBuy\MainWindow.xaml.cs:line 333
2020-12-29 14:43:24,330 [15] INFO  AutoBuy.MainWindow [(null)] - Fuma B07QMK5R45 stock at 59.99
2020-12-29 14:43:36,936 [15] DEBUG AutoBuy.MainWindow [(null)] - Timed out after 5 seconds
2020-12-29 14:43:36,972 [15] ERROR AutoBuy.MainWindow [(null)] -    at OpenQA.Selenium.Support.UI.DefaultWait`1.ThrowTimeoutException(String exceptionMessage, Exception lastException)
   at OpenQA.Selenium.Support.UI.DefaultWait`1.Until[TResult](Func`2 condition)
   at AutoBuy.MainWindow.<BuyItem>d__36.MoveNext() in D:\SourceCode\yuclient\RemoteCenter\AutoBuy\MainWindow.xaml.cs:line 333
2020-12-29 14:44:01,729 [15] DEBUG AutoBuy.MainWindow [(null)] - startIndex cannot be larger than length of string.
Parameter name: startIndex
2020-12-29 14:47:37,328 [13] INFO  AutoBuy.MainWindow [(null)] - Fuma B07QMK5R45 stock at 59.99
2020-12-29 14:47:45,336 [13] DEBUG AutoBuy.MainWindow [(null)] - Timed out after 5 seconds
2020-12-29 14:47:45,369 [13] ERROR AutoBuy.MainWindow [(null)] -    at OpenQA.Selenium.Support.UI.DefaultWait`1.ThrowTimeoutException(String exceptionMessage, Exception lastException)
   at OpenQA.Selenium.Support.UI.DefaultWait`1.Until[TResult](Func`2 condition)
   at AutoBuy.MainWindow.<BuyItem>d__36.MoveNext() in D:\SourceCode\yuclient\RemoteCenter\AutoBuy\MainWindow.xaml.cs:line 319
2020-12-29 14:48:03,185 [13] INFO  AutoBuy.MainWindow [(null)] - Fuma B07QMK5R45 stock at 59.99
2020-12-29 14:48:17,591 [13] DEBUG AutoBuy.MainWindow [(null)] - Timed out after 5 seconds
2020-12-29 14:48:17,616 [13] ERROR AutoBuy.MainWindow [(null)] -    at OpenQA.Selenium.Support.UI.DefaultWait`1.ThrowTimeoutException(String exceptionMessage, Exception lastException)
   at OpenQA.Selenium.Support.UI.DefaultWait`1.Until[TResult](Func`2 condition)
   at AutoBuy.MainWindow.<BuyItem>d__36.MoveNext() in D:\SourceCode\yuclient\RemoteCenter\AutoBuy\MainWindow.xaml.cs:line 333
2020-12-29 14:48:32,116 [13] DEBUG AutoBuy.MainWindow [(null)] - Timed out after 5 seconds
2020-12-29 14:59:53,887 [3] INFO  AutoBuy.MainWindow [(null)] - Mouse B07SCY7H3W stock at 9.99
2020-12-29 15:00:00,985 [16] INFO  AutoBuy.MainWindow [(null)] - Fuma B07QMK5R45 stock at 59.99
2020-12-29 15:00:12,287 [3] DEBUG AutoBuy.MainWindow [(null)] - Timed out after 5 seconds
2020-12-29 15:00:12,327 [3] ERROR AutoBuy.MainWindow [(null)] -    at OpenQA.Selenium.Support.UI.DefaultWait`1.ThrowTimeoutException(String exceptionMessage, Exception lastException)
   at OpenQA.Selenium.Support.UI.DefaultWait`1.Until[TResult](Func`2 condition)
   at AutoBuy.MainWindow.<BuyItem>d__36.MoveNext() in D:\SourceCode\yuclient\RemoteCenter\AutoBuy\MainWindow.xaml.cs:line 333
2020-12-29 15:00:23,573 [16] DEBUG AutoBuy.MainWindow [(null)] - Timed out after 5 seconds
2020-12-29 15:00:23,610 [16] ERROR AutoBuy.MainWindow [(null)] -    at OpenQA.Selenium.Support.UI.DefaultWait`1.ThrowTimeoutException(String exceptionMessage, Exception lastException)
   at OpenQA.Selenium.Support.UI.DefaultWait`1.Until[TResult](Func`2 condition)
   at AutoBuy.MainWindow.<BuyItem>d__36.MoveNext() in D:\SourceCode\yuclient\RemoteCenter\AutoBuy\MainWindow.xaml.cs:line 319
2020-12-29 15:00:36,333 [3] INFO  AutoBuy.MainWindow [(null)] - Mouse B07SCY7H3W stock at 9.99
2020-12-29 15:00:52,171 [3] DEBUG AutoBuy.MainWindow [(null)] - Timed out after 5 seconds
2020-12-29 15:00:52,217 [3] ERROR AutoBuy.MainWindow [(null)] -    at OpenQA.Selenium.Support.UI.DefaultWait`1.ThrowTimeoutException(String exceptionMessage, Exception lastException)
   at OpenQA.Selenium.Support.UI.DefaultWait`1.Until[TResult](Func`2 condition)
   at AutoBuy.MainWindow.<BuyItem>d__36.MoveNext() in D:\SourceCode\yuclient\RemoteCenter\AutoBuy\MainWindow.xaml.cs:line 333
2020-12-29 15:01:01,282 [16] INFO  AutoBuy.MainWindow [(null)] - Fuma B07QMK5R45 stock at 59.99
2020-12-29 15:01:12,602 [14] INFO  AutoBuy.MainWindow [(null)] - Mouse B07SCY7H3W stock at 9.99
2020-12-29 15:01:12,849 [16] DEBUG AutoBuy.MainWindow [(null)] - Timed out after 5 seconds
2020-12-29 15:01:12,900 [16] ERROR AutoBuy.MainWindow [(null)] -    at OpenQA.Selenium.Support.UI.DefaultWait`1.ThrowTimeoutException(String exceptionMessage, Exception lastException)
   at OpenQA.Selenium.Support.UI.DefaultWait`1.Until[TResult](Func`2 condition)
   at AutoBuy.MainWindow.<BuyItem>d__36.MoveNext() in D:\SourceCode\yuclient\RemoteCenter\AutoBuy\MainWindow.xaml.cs:line 319
2020-12-29 15:01:29,880 [14] DEBUG AutoBuy.MainWindow [(null)] - Timed out after 5 seconds
2020-12-29 15:01:29,916 [14] ERROR AutoBuy.MainWindow [(null)] -    at OpenQA.Selenium.Support.UI.DefaultWait`1.ThrowTimeoutException(String exceptionMessage, Exception lastException)
   at OpenQA.Selenium.Support.UI.DefaultWait`1.Until[TResult](Func`2 condition)
   at AutoBuy.MainWindow.<BuyItem>d__36.MoveNext() in D:\SourceCode\yuclient\RemoteCenter\AutoBuy\MainWindow.xaml.cs:line 333
2020-12-29 15:01:41,230 [16] INFO  AutoBuy.MainWindow [(null)] - Fuma B07QMK5R45 stock at 59.99
2020-12-29 15:01:52,504 [3] INFO  AutoBuy.MainWindow [(null)] - Mouse B07SCY7H3W stock at 9.99
2020-12-29 15:01:54,734 [16] DEBUG AutoBuy.MainWindow [(null)] - Timed out after 5 seconds
2020-12-29 15:01:54,799 [16] ERROR AutoBuy.MainWindow [(null)] -    at OpenQA.Selenium.Support.UI.DefaultWait`1.ThrowTimeoutException(String exceptionMessage, Exception lastException)
   at OpenQA.Selenium.Support.UI.DefaultWait`1.Until[TResult](Func`2 condition)
   at AutoBuy.MainWindow.<BuyItem>d__36.MoveNext() in D:\SourceCode\yuclient\RemoteCenter\AutoBuy\MainWindow.xaml.cs:line 319
2020-12-29 15:02:08,947 [3] DEBUG AutoBuy.MainWindow [(null)] - Timed out after 5 seconds
2020-12-29 15:02:09,007 [3] ERROR AutoBuy.MainWindow [(null)] -    at OpenQA.Selenium.Support.UI.DefaultWait`1.ThrowTimeoutException(String exceptionMessage, Exception lastException)
   at OpenQA.Selenium.Support.UI.DefaultWait`1.Until[TResult](Func`2 condition)
   at AutoBuy.MainWindow.<BuyItem>d__36.MoveNext() in D:\SourceCode\yuclient\RemoteCenter\AutoBuy\MainWindow.xaml.cs:line 333
2020-12-29 15:02:24,459 [16] INFO  AutoBuy.MainWindow [(null)] - Fuma B07QMK5R45 stock at 59.99
2020-12-29 15:02:32,531 [10] INFO  AutoBuy.MainWindow [(null)] - Mouse B07SCY7H3W stock at 9.99
2020-12-29 15:02:42,874 [16] DEBUG AutoBuy.MainWindow [(null)] - Timed out after 5 seconds
2020-12-29 15:02:42,998 [16] ERROR AutoBuy.MainWindow [(null)] -    at OpenQA.Selenium.Support.UI.DefaultWait`1.ThrowTimeoutException(String exceptionMessage, Exception lastException)
   at OpenQA.Selenium.Support.UI.DefaultWait`1.Until[TResult](Func`2 condition)
   at AutoBuy.MainWindow.<BuyItem>d__36.MoveNext() in D:\SourceCode\yuclient\RemoteCenter\AutoBuy\MainWindow.xaml.cs:line 333
2020-12-29 15:02:46,144 [10] DEBUG AutoBuy.MainWindow [(null)] - Timed out after 5 seconds
2020-12-29 15:02:46,169 [10] ERROR AutoBuy.MainWindow [(null)] -    at OpenQA.Selenium.Support.UI.DefaultWait`1.ThrowTimeoutException(String exceptionMessage, Exception lastException)
   at OpenQA.Selenium.Support.UI.DefaultWait`1.Until[TResult](Func`2 condition)
   at AutoBuy.MainWindow.<BuyItem>d__36.MoveNext() in D:\SourceCode\yuclient\RemoteCenter\AutoBuy\MainWindow.xaml.cs:line 333
2020-12-29 15:03:11,912 [16] INFO  AutoBuy.MainWindow [(null)] - Mouse B07SCY7H3W stock at 9.99
2020-12-29 15:03:12,761 [10] INFO  AutoBuy.MainWindow [(null)] - Fuma B07QMK5R45 stock at 59.99
2020-12-29 15:03:24,929 [10] DEBUG AutoBuy.MainWindow [(null)] - Timed out after 5 seconds
2020-12-29 15:03:24,973 [10] ERROR AutoBuy.MainWindow [(null)] -    at OpenQA.Selenium.Support.UI.DefaultWait`1.ThrowTimeoutException(String exceptionMessage, Exception lastException)
   at OpenQA.Selenium.Support.UI.DefaultWait`1.Until[TResult](Func`2 condition)
   at AutoBuy.MainWindow.<BuyItem>d__36.MoveNext() in D:\SourceCode\yuclient\RemoteCenter\AutoBuy\MainWindow.xaml.cs:line 319
2020-12-29 15:03:32,425 [16] DEBUG AutoBuy.MainWindow [(null)] - Timed out after 5 seconds
2020-12-29 15:03:32,472 [16] ERROR AutoBuy.MainWindow [(null)] -    at OpenQA.Selenium.Support.UI.DefaultWait`1.ThrowTimeoutException(String exceptionMessage, Exception lastException)
   at OpenQA.Selenium.Support.UI.DefaultWait`1.Until[TResult](Func`2 condition)
   at AutoBuy.MainWindow.<BuyItem>d__36.MoveNext() in D:\SourceCode\yuclient\RemoteCenter\AutoBuy\MainWindow.xaml.cs:line 333
2020-12-29 15:03:56,344 [10] INFO  AutoBuy.MainWindow [(null)] - Fuma B07QMK5R45 stock at 59.99
2020-12-29 15:03:59,978 [16] INFO  AutoBuy.MainWindow [(null)] - Mouse B07SCY7H3W stock at 9.99
2020-12-29 15:04:10,979 [10] DEBUG AutoBuy.MainWindow [(null)] - Timed out after 5 seconds
2020-12-29 15:04:11,019 [10] ERROR AutoBuy.MainWindow [(null)] -    at OpenQA.Selenium.Support.UI.DefaultWait`1.ThrowTimeoutException(String exceptionMessage, Exception lastException)
   at OpenQA.Selenium.Support.UI.DefaultWait`1.Until[TResult](Func`2 condition)
   at AutoBuy.MainWindow.<BuyItem>d__36.MoveNext() in D:\SourceCode\yuclient\RemoteCenter\AutoBuy\MainWindow.xaml.cs:line 319
2020-12-29 15:04:12,183 [16] DEBUG AutoBuy.MainWindow [(null)] - Timed out after 5 seconds
2020-12-29 15:04:12,237 [16] ERROR AutoBuy.MainWindow [(null)] -    at OpenQA.Selenium.Support.UI.DefaultWait`1.ThrowTimeoutException(String exceptionMessage, Exception lastException)
   at OpenQA.Selenium.Support.UI.DefaultWait`1.Until[TResult](Func`2 condition)
   at AutoBuy.MainWindow.<BuyItem>d__36.MoveNext() in D:\SourceCode\yuclient\RemoteCenter\AutoBuy\MainWindow.xaml.cs:line 319
2020-12-29 15:04:35,075 [16] INFO  AutoBuy.MainWindow [(null)] - Mouse B07SCY7H3W stock at 9.99
2020-12-29 15:04:38,954 [15] INFO  AutoBuy.MainWindow [(null)] - Fuma B07QMK5R45 stock at 59.99
2020-12-29 15:04:51,202 [16] DEBUG AutoBuy.MainWindow [(null)] - Timed out after 5 seconds
2020-12-29 15:04:51,241 [16] ERROR AutoBuy.MainWindow [(null)] -    at OpenQA.Selenium.Support.UI.DefaultWait`1.ThrowTimeoutException(String exceptionMessage, Exception lastException)
   at OpenQA.Selenium.Support.UI.DefaultWait`1.Until[TResult](Func`2 condition)
   at AutoBuy.MainWindow.<BuyItem>d__36.MoveNext() in D:\SourceCode\yuclient\RemoteCenter\AutoBuy\MainWindow.xaml.cs:line 333
2020-12-29 15:04:52,310 [15] DEBUG AutoBuy.MainWindow [(null)] - Timed out after 5 seconds
2020-12-29 15:04:52,342 [15] ERROR AutoBuy.MainWindow [(null)] -    at OpenQA.Selenium.Support.UI.DefaultWait`1.ThrowTimeoutException(String exceptionMessage, Exception lastException)
   at OpenQA.Selenium.Support.UI.DefaultWait`1.Until[TResult](Func`2 condition)
   at AutoBuy.MainWindow.<BuyItem>d__36.MoveNext() in D:\SourceCode\yuclient\RemoteCenter\AutoBuy\MainWindow.xaml.cs:line 319
2020-12-29 15:05:21,498 [16] INFO  AutoBuy.MainWindow [(null)] - Mouse B07SCY7H3W stock at 9.99
2020-12-29 15:05:25,548 [15] INFO  AutoBuy.MainWindow [(null)] - Fuma B07QMK5R45 stock at 59.99
2020-12-29 15:05:39,298 [15] DEBUG AutoBuy.MainWindow [(null)] - Timed out after 5 seconds
2020-12-29 15:05:39,341 [15] ERROR AutoBuy.MainWindow [(null)] -    at OpenQA.Selenium.Support.UI.DefaultWait`1.ThrowTimeoutException(String exceptionMessage, Exception lastException)
   at OpenQA.Selenium.Support.UI.DefaultWait`1.Until[TResult](Func`2 condition)
   at AutoBuy.MainWindow.<BuyItem>d__36.MoveNext() in D:\SourceCode\yuclient\RemoteCenter\AutoBuy\MainWindow.xaml.cs:line 319
2020-12-29 15:05:44,647 [16] DEBUG AutoBuy.MainWindow [(null)] - Timed out after 5 seconds
2020-12-29 15:05:44,690 [16] ERROR AutoBuy.MainWindow [(null)] -    at OpenQA.Selenium.Support.UI.DefaultWait`1.ThrowTimeoutException(String exceptionMessage, Exception lastException)
   at OpenQA.Selenium.Support.UI.DefaultWait`1.Until[TResult](Func`2 condition)
   at AutoBuy.MainWindow.<BuyItem>d__36.MoveNext() in D:\SourceCode\yuclient\RemoteCenter\AutoBuy\MainWindow.xaml.cs:line 319
2020-12-29 15:06:06,283 [14] INFO  AutoBuy.MainWindow [(null)] - Mouse B07SCY7H3W stock at 9.99
2020-12-29 15:06:11,006 [10] INFO  AutoBuy.MainWindow [(null)] - Fuma B07QMK5R45 stock at 59.99
2020-12-29 15:06:23,089 [14] DEBUG AutoBuy.MainWindow [(null)] - Timed out after 5 seconds
2020-12-29 15:06:23,132 [14] ERROR AutoBuy.MainWindow [(null)] -    at OpenQA.Selenium.Support.UI.DefaultWait`1.ThrowTimeoutException(String exceptionMessage, Exception lastException)
   at OpenQA.Selenium.Support.UI.DefaultWait`1.Until[TResult](Func`2 condition)
   at AutoBuy.MainWindow.<BuyItem>d__36.MoveNext() in D:\SourceCode\yuclient\RemoteCenter\AutoBuy\MainWindow.xaml.cs:line 319
2020-12-29 15:06:38,527 [10] DEBUG AutoBuy.MainWindow [(null)] - Timed out after 5 seconds
2020-12-29 15:06:38,586 [10] ERROR AutoBuy.MainWindow [(null)] -    at OpenQA.Selenium.Support.UI.DefaultWait`1.ThrowTimeoutException(String exceptionMessage, Exception lastException)
   at OpenQA.Selenium.Support.UI.DefaultWait`1.Until[TResult](Func`2 condition)
   at AutoBuy.MainWindow.<BuyItem>d__36.MoveNext() in D:\SourceCode\yuclient\RemoteCenter\AutoBuy\MainWindow.xaml.cs:line 319
2020-12-29 15:06:45,337 [14] INFO  AutoBuy.MainWindow [(null)] - Mouse B07SCY7H3W stock at 9.99
2020-12-29 15:06:51,437 [3] DEBUG AutoBuy.MainWindow [(null)] - chrome not reachable
  (Session info: chrome=87.0.4280.88)
2020-12-29 15:06:51,462 [3] ERROR AutoBuy.MainWindow [(null)] -    at OpenQA.Selenium.Remote.RemoteWebDriver.UnpackAndThrowOnError(Response errorResponse)
   at OpenQA.Selenium.Remote.RemoteWebDriver.Execute(String driverCommandToExecute, Dictionary`2 parameters)
   at OpenQA.Selenium.Remote.RemoteWebDriver.GetScreenshot()
   at AutoBuy.MainWindow.<>c__DisplayClass43_0.<TakeSnapShot>b__0() in D:\SourceCode\yuclient\RemoteCenter\AutoBuy\MainWindow.xaml.cs:line 475
2020-12-29 15:06:59,075 [14] DEBUG AutoBuy.MainWindow [(null)] - Timed out after 5 seconds
2020-12-29 15:06:59,102 [14] ERROR AutoBuy.MainWindow [(null)] -    at OpenQA.Selenium.Support.UI.DefaultWait`1.ThrowTimeoutException(String exceptionMessage, Exception lastException)
   at OpenQA.Selenium.Support.UI.DefaultWait`1.Until[TResult](Func`2 condition)
   at AutoBuy.MainWindow.<BuyItem>d__36.MoveNext() in D:\SourceCode\yuclient\RemoteCenter\AutoBuy\MainWindow.xaml.cs:line 319
2020-12-29 15:07:09,518 [14] INFO  AutoBuy.MainWindow [(null)] - Mouse B07SCY7H3W stock at 9.99
2020-12-29 15:07:20,200 [14] DEBUG AutoBuy.MainWindow [(null)] - Timed out after 5 seconds
2020-12-29 15:07:20,227 [14] ERROR AutoBuy.MainWindow [(null)] -    at OpenQA.Selenium.Support.UI.DefaultWait`1.ThrowTimeoutException(String exceptionMessage, Exception lastException)
   at OpenQA.Selenium.Support.UI.DefaultWait`1.Until[TResult](Func`2 condition)
   at AutoBuy.MainWindow.<BuyItem>d__36.MoveNext() in D:\SourceCode\yuclient\RemoteCenter\AutoBuy\MainWindow.xaml.cs:line 319
2020-12-29 15:07:29,263 [14] INFO  AutoBuy.MainWindow [(null)] - Mouse B07SCY7H3W stock at 9.99
2020-12-29 15:07:39,305 [14] DEBUG AutoBuy.MainWindow [(null)] - Timed out after 5 seconds
2020-12-29 15:07:39,360 [14] ERROR AutoBuy.MainWindow [(null)] -    at OpenQA.Selenium.Support.UI.DefaultWait`1.ThrowTimeoutException(String exceptionMessage, Exception lastException)
   at OpenQA.Selenium.Support.UI.DefaultWait`1.Until[TResult](Func`2 condition)
   at AutoBuy.MainWindow.<BuyItem>d__36.MoveNext() in D:\SourceCode\yuclient\RemoteCenter\AutoBuy\MainWindow.xaml.cs:line 319
2020-12-29 15:08:00,833 [10] INFO  AutoBuy.MainWindow [(null)] - Mouse B07SCY7H3W stock at 9.99
2020-12-29 15:08:00,965 [10] DEBUG AutoBuy.MainWindow [(null)] - stale element reference: element is not attached to the page document
  (Session info: chrome=87.0.4280.88)
2020-12-29 15:08:10,121 [14] INFO  AutoBuy.MainWindow [(null)] - Mouse B07SCY7H3W stock at 9.99
2020-12-29 15:08:19,781 [14] DEBUG AutoBuy.MainWindow [(null)] - Timed out after 5 seconds
2020-12-29 15:08:19,820 [14] ERROR AutoBuy.MainWindow [(null)] -    at OpenQA.Selenium.Support.UI.DefaultWait`1.ThrowTimeoutException(String exceptionMessage, Exception lastException)
   at OpenQA.Selenium.Support.UI.DefaultWait`1.Until[TResult](Func`2 condition)
   at AutoBuy.MainWindow.<BuyItem>d__36.MoveNext() in D:\SourceCode\yuclient\RemoteCenter\AutoBuy\MainWindow.xaml.cs:line 319
2020-12-29 15:08:28,163 [14] INFO  AutoBuy.MainWindow [(null)] - Mouse B07SCY7H3W stock at 9.99
2020-12-29 15:08:37,371 [14] DEBUG AutoBuy.MainWindow [(null)] - Timed out after 5 seconds
2020-12-29 15:08:37,403 [14] ERROR AutoBuy.MainWindow [(null)] -    at OpenQA.Selenium.Support.UI.DefaultWait`1.ThrowTimeoutException(String exceptionMessage, Exception lastException)
   at OpenQA.Selenium.Support.UI.DefaultWait`1.Until[TResult](Func`2 condition)
   at AutoBuy.MainWindow.<BuyItem>d__36.MoveNext() in D:\SourceCode\yuclient\RemoteCenter\AutoBuy\MainWindow.xaml.cs:line 319
2020-12-29 15:08:45,984 [14] INFO  AutoBuy.MainWindow [(null)] - Mouse B07SCY7H3W stock at 9.99
2020-12-29 15:08:55,845 [14] DEBUG AutoBuy.MainWindow [(null)] - Timed out after 5 seconds
2020-12-29 15:08:55,882 [14] ERROR AutoBuy.MainWindow [(null)] -    at OpenQA.Selenium.Support.UI.DefaultWait`1.ThrowTimeoutException(String exceptionMessage, Exception lastException)
   at OpenQA.Selenium.Support.UI.DefaultWait`1.Until[TResult](Func`2 condition)
   at AutoBuy.MainWindow.<BuyItem>d__36.MoveNext() in D:\SourceCode\yuclient\RemoteCenter\AutoBuy\MainWindow.xaml.cs:line 319
2020-12-29 15:09:03,263 [14] INFO  AutoBuy.MainWindow [(null)] - Mouse B07SCY7H3W stock at 9.99
2020-12-29 15:09:12,914 [14] DEBUG AutoBuy.MainWindow [(null)] - Timed out after 5 seconds
2020-12-29 15:09:12,944 [14] ERROR AutoBuy.MainWindow [(null)] -    at OpenQA.Selenium.Support.UI.DefaultWait`1.ThrowTimeoutException(String exceptionMessage, Exception lastException)
   at OpenQA.Selenium.Support.UI.DefaultWait`1.Until[TResult](Func`2 condition)
   at AutoBuy.MainWindow.<BuyItem>d__36.MoveNext() in D:\SourceCode\yuclient\RemoteCenter\AutoBuy\MainWindow.xaml.cs:line 319
2020-12-29 15:09:21,594 [14] INFO  AutoBuy.MainWindow [(null)] - Mouse B07SCY7H3W stock at 9.99
2020-12-29 15:09:31,748 [14] DEBUG AutoBuy.MainWindow [(null)] - Timed out after 5 seconds
2020-12-29 15:09:31,788 [14] ERROR AutoBuy.MainWindow [(null)] -    at OpenQA.Selenium.Support.UI.DefaultWait`1.ThrowTimeoutException(String exceptionMessage, Exception lastException)
   at OpenQA.Selenium.Support.UI.DefaultWait`1.Until[TResult](Func`2 condition)
   at AutoBuy.MainWindow.<BuyItem>d__36.MoveNext() in D:\SourceCode\yuclient\RemoteCenter\AutoBuy\MainWindow.xaml.cs:line 319
2020-12-29 15:09:41,163 [14] INFO  AutoBuy.MainWindow [(null)] - Mouse B07SCY7H3W stock at 9.99
2020-12-29 15:09:51,387 [14] DEBUG AutoBuy.MainWindow [(null)] - Timed out after 5 seconds
2020-12-29 15:09:51,421 [14] ERROR AutoBuy.MainWindow [(null)] -    at OpenQA.Selenium.Support.UI.DefaultWait`1.ThrowTimeoutException(String exceptionMessage, Exception lastException)
   at OpenQA.Selenium.Support.UI.DefaultWait`1.Until[TResult](Func`2 condition)
   at AutoBuy.MainWindow.<BuyItem>d__36.MoveNext() in D:\SourceCode\yuclient\RemoteCenter\AutoBuy\MainWindow.xaml.cs:line 319
2020-12-29 15:09:59,122 [14] INFO  AutoBuy.MainWindow [(null)] - Mouse B07SCY7H3W stock at 9.99
2020-12-29 15:10:10,370 [14] DEBUG AutoBuy.MainWindow [(null)] - Timed out after 5 seconds
2020-12-29 15:10:10,395 [14] ERROR AutoBuy.MainWindow [(null)] -    at OpenQA.Selenium.Support.UI.DefaultWait`1.ThrowTimeoutException(String exceptionMessage, Exception lastException)
   at OpenQA.Selenium.Support.UI.DefaultWait`1.Until[TResult](Func`2 condition)
   at AutoBuy.MainWindow.<BuyItem>d__36.MoveNext() in D:\SourceCode\yuclient\RemoteCenter\AutoBuy\MainWindow.xaml.cs:line 319
2020-12-29 15:10:25,081 [14] INFO  AutoBuy.MainWindow [(null)] - Mouse B07SCY7H3W stock at 9.99
2020-12-29 15:10:38,104 [14] DEBUG AutoBuy.MainWindow [(null)] - Timed out after 5 seconds
2020-12-29 15:10:38,138 [14] ERROR AutoBuy.MainWindow [(null)] -    at OpenQA.Selenium.Support.UI.DefaultWait`1.ThrowTimeoutException(String exceptionMessage, Exception lastException)
   at OpenQA.Selenium.Support.UI.DefaultWait`1.Until[TResult](Func`2 condition)
   at AutoBuy.MainWindow.<BuyItem>d__36.MoveNext() in D:\SourceCode\yuclient\RemoteCenter\AutoBuy\MainWindow.xaml.cs:line 319
2020-12-29 15:10:51,100 [14] INFO  AutoBuy.MainWindow [(null)] - Mouse B07SCY7H3W stock at 9.99
2020-12-29 15:11:02,670 [14] DEBUG AutoBuy.MainWindow [(null)] - Timed out after 5 seconds
2020-12-29 15:11:02,710 [14] ERROR AutoBuy.MainWindow [(null)] -    at OpenQA.Selenium.Support.UI.DefaultWait`1.ThrowTimeoutException(String exceptionMessage, Exception lastException)
   at OpenQA.Selenium.Support.UI.DefaultWait`1.Until[TResult](Func`2 condition)
   at AutoBuy.MainWindow.<BuyItem>d__36.MoveNext() in D:\SourceCode\yuclient\RemoteCenter\AutoBuy\MainWindow.xaml.cs:line 319
2020-12-29 15:11:14,655 [14] INFO  AutoBuy.MainWindow [(null)] - Mouse B07SCY7H3W stock at 9.99
2020-12-29 15:11:25,903 [14] DEBUG AutoBuy.MainWindow [(null)] - Timed out after 5 seconds
2020-12-29 15:11:25,934 [14] ERROR AutoBuy.MainWindow [(null)] -    at OpenQA.Selenium.Support.UI.DefaultWait`1.ThrowTimeoutException(String exceptionMessage, Exception lastException)
   at OpenQA.Selenium.Support.UI.DefaultWait`1.Until[TResult](Func`2 condition)
   at AutoBuy.MainWindow.<BuyItem>d__36.MoveNext() in D:\SourceCode\yuclient\RemoteCenter\AutoBuy\MainWindow.xaml.cs:line 319
2020-12-29 16:10:45,279 [10] INFO  AutoBuy.MainWindow [(null)] - tttt B07QMK5R45 stock at 59.99
2020-12-29 16:10:53,094 [10] DEBUG AutoBuy.MainWindow [(null)] - Timed out after 5 seconds
2020-12-29 16:10:53,155 [10] ERROR AutoBuy.MainWindow [(null)] -    at OpenQA.Selenium.Support.UI.DefaultWait`1.ThrowTimeoutException(String exceptionMessage, Exception lastException)
   at OpenQA.Selenium.Support.UI.DefaultWait`1.Until[TResult](Func`2 condition)
   at AutoBuy.MainWindow.<BuyItem>d__36.MoveNext() in D:\SourceCode\yuclient\RemoteCenter\AutoBuy\MainWindow.xaml.cs:line 309
2020-12-29 16:11:10,451 [10] INFO  AutoBuy.MainWindow [(null)] - tttt B07QMK5R45 stock at 59.99
2020-12-29 16:11:18,706 [10] DEBUG AutoBuy.MainWindow [(null)] - Timed out after 5 seconds
2020-12-29 16:11:18,734 [10] ERROR AutoBuy.MainWindow [(null)] -    at OpenQA.Selenium.Support.UI.DefaultWait`1.ThrowTimeoutException(String exceptionMessage, Exception lastException)
   at OpenQA.Selenium.Support.UI.DefaultWait`1.Until[TResult](Func`2 condition)
   at AutoBuy.MainWindow.<BuyItem>d__36.MoveNext() in D:\SourceCode\yuclient\RemoteCenter\AutoBuy\MainWindow.xaml.cs:line 309
2020-12-29 16:11:34,306 [10] INFO  AutoBuy.MainWindow [(null)] - tttt B07QMK5R45 stock at 59.99
2020-12-29 16:11:41,741 [10] DEBUG AutoBuy.MainWindow [(null)] - Timed out after 5 seconds
2020-12-29 16:11:41,762 [10] ERROR AutoBuy.MainWindow [(null)] -    at OpenQA.Selenium.Support.UI.DefaultWait`1.ThrowTimeoutException(String exceptionMessage, Exception lastException)
   at OpenQA.Selenium.Support.UI.DefaultWait`1.Until[TResult](Func`2 condition)
   at AutoBuy.MainWindow.<BuyItem>d__36.MoveNext() in D:\SourceCode\yuclient\RemoteCenter\AutoBuy\MainWindow.xaml.cs:line 309
2020-12-29 16:11:58,076 [10] INFO  AutoBuy.MainWindow [(null)] - tttt B07QMK5R45 stock at 59.99
2020-12-29 16:12:16,965 [10] DEBUG AutoBuy.MainWindow [(null)] - Timed out after 5 seconds
2020-12-29 16:12:16,998 [10] ERROR AutoBuy.MainWindow [(null)] -    at OpenQA.Selenium.Support.UI.DefaultWait`1.ThrowTimeoutException(String exceptionMessage, Exception lastException)
   at OpenQA.Selenium.Support.UI.DefaultWait`1.Until[TResult](Func`2 condition)
   at AutoBuy.MainWindow.<BuyItem>d__36.MoveNext() in D:\SourceCode\yuclient\RemoteCenter\AutoBuy\MainWindow.xaml.cs:line 309
2020-12-29 16:12:32,400 [10] INFO  AutoBuy.MainWindow [(null)] - tttt B07QMK5R45 stock at 59.99
2020-12-29 16:13:16,620 [10] DEBUG AutoBuy.MainWindow [(null)] - Timed out after 5 seconds
2020-12-29 16:13:16,648 [10] ERROR AutoBuy.MainWindow [(null)] -    at OpenQA.Selenium.Support.UI.DefaultWait`1.ThrowTimeoutException(String exceptionMessage, Exception lastException)
   at OpenQA.Selenium.Support.UI.DefaultWait`1.Until[TResult](Func`2 condition)
   at AutoBuy.MainWindow.<BuyItem>d__36.MoveNext() in D:\SourceCode\yuclient\RemoteCenter\AutoBuy\MainWindow.xaml.cs:line 309
2020-12-29 16:13:31,801 [10] INFO  AutoBuy.MainWindow [(null)] - tttt B07QMK5R45 stock at 59.99
2020-12-29 16:13:49,343 [10] DEBUG AutoBuy.MainWindow [(null)] - Timed out after 5 seconds
2020-12-29 16:13:49,376 [10] ERROR AutoBuy.MainWindow [(null)] -    at OpenQA.Selenium.Support.UI.DefaultWait`1.ThrowTimeoutException(String exceptionMessage, Exception lastException)
   at OpenQA.Selenium.Support.UI.DefaultWait`1.Until[TResult](Func`2 condition)
   at AutoBuy.MainWindow.<BuyItem>d__36.MoveNext() in D:\SourceCode\yuclient\RemoteCenter\AutoBuy\MainWindow.xaml.cs:line 309
2020-12-29 16:16:07,991 [10] INFO  AutoBuy.MainWindow [(null)] - cc B07QMK5R45 stock at 59.99
2020-12-29 16:18:45,222 [1] ERROR AutoBuy.BuyService [(null)] - invalid argument: user data directory is already in use, please specify a unique value for --user-data-dir argument, or don't use --user-data-dir
2020-12-29 16:18:45,496 [1] ERROR AutoBuy.BuyService [(null)] -    at OpenQA.Selenium.Remote.RemoteWebDriver.UnpackAndThrowOnError(Response errorResponse)
   at OpenQA.Selenium.Remote.RemoteWebDriver.Execute(String driverCommandToExecute, Dictionary`2 parameters)
   at OpenQA.Selenium.Remote.RemoteWebDriver.StartSession(ICapabilities desiredCapabilities)
   at OpenQA.Selenium.Remote.RemoteWebDriver..ctor(ICommandExecutor commandExecutor, ICapabilities desiredCapabilities)
   at OpenQA.Selenium.Chrome.ChromeDriver..ctor(ChromeDriverService service, ChromeOptions options, TimeSpan commandTimeout)
   at AutoBuy.BuyService..ctor(String localBuyDir, Int32 order) in D:\SourceCode\yuclient\RemoteCenter\AutoBuy\BuyService.cs:line 44
2020-12-29 16:19:21,639 [10] INFO  AutoBuy.MainWindow [(null)] - zzz B07QMK5R45 stock at 59.99
2020-12-29 16:19:29,227 [10] DEBUG AutoBuy.MainWindow [(null)] - Timed out after 5 seconds
2020-12-29 16:19:29,278 [10] ERROR AutoBuy.MainWindow [(null)] -    at OpenQA.Selenium.Support.UI.DefaultWait`1.ThrowTimeoutException(String exceptionMessage, Exception lastException)
   at OpenQA.Selenium.Support.UI.DefaultWait`1.Until[TResult](Func`2 condition)
   at AutoBuy.MainWindow.<BuyItem>d__36.MoveNext() in D:\SourceCode\yuclient\RemoteCenter\AutoBuy\MainWindow.xaml.cs:line 309
2020-12-29 16:19:47,475 [13] INFO  AutoBuy.MainWindow [(null)] - zzz B07QMK5R45 stock at 59.99
2020-12-29 16:20:17,680 [13] DEBUG AutoBuy.MainWindow [(null)] - Timed out after 5 seconds
2020-12-29 16:20:17,732 [13] ERROR AutoBuy.MainWindow [(null)] -    at OpenQA.Selenium.Support.UI.DefaultWait`1.ThrowTimeoutException(String exceptionMessage, Exception lastException)
   at OpenQA.Selenium.Support.UI.DefaultWait`1.Until[TResult](Func`2 condition)
   at AutoBuy.MainWindow.<BuyItem>d__36.MoveNext() in D:\SourceCode\yuclient\RemoteCenter\AutoBuy\MainWindow.xaml.cs:line 309
2020-12-29 16:23:44,074 [1] ERROR AutoBuy.BuyService [(null)] - invalid argument: user data directory is already in use, please specify a unique value for --user-data-dir argument, or don't use --user-data-dir
2020-12-29 16:23:44,391 [1] ERROR AutoBuy.BuyService [(null)] -    at OpenQA.Selenium.Remote.RemoteWebDriver.UnpackAndThrowOnError(Response errorResponse)
   at OpenQA.Selenium.Remote.RemoteWebDriver.Execute(String driverCommandToExecute, Dictionary`2 parameters)
   at OpenQA.Selenium.Remote.RemoteWebDriver.StartSession(ICapabilities desiredCapabilities)
   at OpenQA.Selenium.Remote.RemoteWebDriver..ctor(ICommandExecutor commandExecutor, ICapabilities desiredCapabilities)
   at OpenQA.Selenium.Chrome.ChromeDriver..ctor(ChromeDriverService service, ChromeOptions options, TimeSpan commandTimeout)
   at AutoBuy.BuyService..ctor(String localBuyDir, Int32 order) in D:\SourceCode\yuclient\RemoteCenter\AutoBuy\BuyService.cs:line 44
2020-12-29 16:24:20,641 [10] INFO  AutoBuy.MainWindow [(null)] - test B07QMK5R45 stock at 59.99
2020-12-29 16:24:42,819 [10] DEBUG AutoBuy.MainWindow [(null)] - Timed out after 5 seconds
2020-12-29 16:25:35,384 [10] ERROR AutoBuy.MainWindow [(null)] -    at OpenQA.Selenium.Support.UI.DefaultWait`1.ThrowTimeoutException(String exceptionMessage, Exception lastException)
   at OpenQA.Selenium.Support.UI.DefaultWait`1.Until[TResult](Func`2 condition)
   at AutoBuy.MainWindow.<BuyItem>d__36.MoveNext() in D:\SourceCode\yuclient\RemoteCenter\AutoBuy\MainWindow.xaml.cs:line 309
2020-12-29 16:27:07,238 [1] ERROR AutoBuy.BuyService [(null)] - invalid argument: user data directory is already in use, please specify a unique value for --user-data-dir argument, or don't use --user-data-dir
2020-12-29 16:27:07,515 [1] ERROR AutoBuy.BuyService [(null)] -    at OpenQA.Selenium.Remote.RemoteWebDriver.UnpackAndThrowOnError(Response errorResponse)
   at OpenQA.Selenium.Remote.RemoteWebDriver.Execute(String driverCommandToExecute, Dictionary`2 parameters)
   at OpenQA.Selenium.Remote.RemoteWebDriver.StartSession(ICapabilities desiredCapabilities)
   at OpenQA.Selenium.Remote.RemoteWebDriver..ctor(ICommandExecutor commandExecutor, ICapabilities desiredCapabilities)
   at OpenQA.Selenium.Chrome.ChromeDriver..ctor(ChromeDriverService service, ChromeOptions options, TimeSpan commandTimeout)
   at AutoBuy.BuyService..ctor(String localBuyDir, Int32 order) in D:\SourceCode\yuclient\RemoteCenter\AutoBuy\BuyService.cs:line 44
2020-12-29 16:27:43,280 [10] INFO  AutoBuy.MainWindow [(null)] - xdxf B07QMK5R45 stock at 59.99
2020-12-29 16:30:40,963 [1] ERROR AutoBuy.BuyService [(null)] - invalid argument: user data directory is already in use, please specify a unique value for --user-data-dir argument, or don't use --user-data-dir
2020-12-29 16:30:41,282 [1] ERROR AutoBuy.BuyService [(null)] -    at OpenQA.Selenium.Remote.RemoteWebDriver.UnpackAndThrowOnError(Response errorResponse)
   at OpenQA.Selenium.Remote.RemoteWebDriver.Execute(String driverCommandToExecute, Dictionary`2 parameters)
   at OpenQA.Selenium.Remote.RemoteWebDriver.StartSession(ICapabilities desiredCapabilities)
   at OpenQA.Selenium.Remote.RemoteWebDriver..ctor(ICommandExecutor commandExecutor, ICapabilities desiredCapabilities)
   at OpenQA.Selenium.Chrome.ChromeDriver..ctor(ChromeDriverService service, ChromeOptions options, TimeSpan commandTimeout)
   at AutoBuy.BuyService..ctor(String localBuyDir, Int32 order) in D:\SourceCode\yuclient\RemoteCenter\AutoBuy\BuyService.cs:line 44
2020-12-29 16:31:55,693 [10] INFO  AutoBuy.MainWindow [(null)] - xxx B07QMK5R45 stock at 59.99
2020-12-29 16:34:24,720 [10] INFO  AutoBuy.MainWindow [(null)] - xds B07QMK5R45 stock at 59.99
2020-12-29 16:36:26,615 [10] INFO  AutoBuy.MainWindow [(null)] - xxx B07QMK5R45 stock at 59.99
2020-12-29 16:38:22,998 [10] INFO  AutoBuy.MainWindow [(null)] - zzz B07QMK5R45 stock at 59.99
2020-12-29 16:52:09,099 [1] ERROR AutoBuy.BuyService [(null)] - invalid argument: user data directory is already in use, please specify a unique value for --user-data-dir argument, or don't use --user-data-dir
2020-12-29 16:52:09,350 [1] ERROR AutoBuy.BuyService [(null)] -    at OpenQA.Selenium.Remote.RemoteWebDriver.UnpackAndThrowOnError(Response errorResponse)
   at OpenQA.Selenium.Remote.RemoteWebDriver.Execute(String driverCommandToExecute, Dictionary`2 parameters)
   at OpenQA.Selenium.Remote.RemoteWebDriver.StartSession(ICapabilities desiredCapabilities)
   at OpenQA.Selenium.Remote.RemoteWebDriver..ctor(ICommandExecutor commandExecutor, ICapabilities desiredCapabilities)
   at OpenQA.Selenium.Chrome.ChromeDriver..ctor(ChromeDriverService service, ChromeOptions options, TimeSpan commandTimeout)
   at AutoBuy.BuyService..ctor(String localBuyDir, Int32 order) in D:\SourceCode\yuclient\RemoteCenter\AutoBuy\BuyService.cs:line 44
2020-12-29 16:52:43,753 [10] INFO  AutoBuy.MainWindow [(null)] - xdvsf B07QMK5R45 stock at 59.99
2020-12-29 16:58:20,627 [1] ERROR AutoBuy.BuyService [(null)] - invalid argument: user data directory is already in use, please specify a unique value for --user-data-dir argument, or don't use --user-data-dir
2020-12-29 16:58:21,129 [1] ERROR AutoBuy.BuyService [(null)] -    at OpenQA.Selenium.Remote.RemoteWebDriver.UnpackAndThrowOnError(Response errorResponse)
   at OpenQA.Selenium.Remote.RemoteWebDriver.Execute(String driverCommandToExecute, Dictionary`2 parameters)
   at OpenQA.Selenium.Remote.RemoteWebDriver.StartSession(ICapabilities desiredCapabilities)
   at OpenQA.Selenium.Remote.RemoteWebDriver..ctor(ICommandExecutor commandExecutor, ICapabilities desiredCapabilities)
   at OpenQA.Selenium.Chrome.ChromeDriver..ctor(ChromeDriverService service, ChromeOptions options, TimeSpan commandTimeout)
   at AutoBuy.BuyService..ctor(String localBuyDir, Int32 order) in D:\SourceCode\yuclient\RemoteCenter\AutoBuy\BuyService.cs:line 44
2020-12-29 16:59:36,701 [10] INFO  AutoBuy.MainWindow [(null)] - xxx B07QMK5R45 stock at 59.99
2020-12-29 17:00:05,793 [10] DEBUG AutoBuy.MainWindow [(null)] - Timed out after 5 seconds
2020-12-29 17:00:05,846 [10] ERROR AutoBuy.MainWindow [(null)] -    at OpenQA.Selenium.Support.UI.DefaultWait`1.ThrowTimeoutException(String exceptionMessage, Exception lastException)
   at OpenQA.Selenium.Support.UI.DefaultWait`1.Until[TResult](Func`2 condition)
   at AutoBuy.MainWindow.<BuyItem>d__36.MoveNext() in D:\SourceCode\yuclient\RemoteCenter\AutoBuy\MainWindow.xaml.cs:line 309
2020-12-29 17:07:53,682 [10] INFO  AutoBuy.MainWindow [(null)] - xx B07QMK5R45 stock at 59.99
2020-12-29 17:09:41,619 [10] DEBUG AutoBuy.MainWindow [(null)] - The HTTP request to the remote WebDriver server for URL http://localhost:52089/session/38d084f8770a581300bd85bb59ba3233/execute/sync timed out after 60 seconds.
2020-12-29 17:09:41,726 [10] ERROR AutoBuy.MainWindow [(null)] -    at OpenQA.Selenium.Remote.HttpCommandExecutor.MakeHttpRequest(HttpRequestInfo requestInfo)
   at OpenQA.Selenium.Remote.HttpCommandExecutor.Execute(Command commandToExecute)
   at OpenQA.Selenium.Remote.DriverServiceCommandExecutor.Execute(Command commandToExecute)
   at OpenQA.Selenium.Remote.RemoteWebDriver.Execute(String driverCommandToExecute, Dictionary`2 parameters)
   at OpenQA.Selenium.Remote.RemoteWebElement.Execute(String commandToExecute, Dictionary`2 parameters)
   at OpenQA.Selenium.Remote.RemoteWebElement.GetAttribute(String attributeName)
   at AutoBuy.MainWindow.<BuyItem>d__36.MoveNext() in D:\SourceCode\yuclient\RemoteCenter\AutoBuy\MainWindow.xaml.cs:line 312
2020-12-29 17:09:50,077 [13] DEBUG AutoBuy.MainWindow [(null)] - A exception with a null response was thrown sending an HTTP request to the remote WebDriver server for URL http://localhost:52089/session//screenshot. The status of the exception was ConnectFailure, and the message was: Unable to connect to the remote server
2020-12-29 17:09:50,144 [13] ERROR AutoBuy.MainWindow [(null)] -    at OpenQA.Selenium.Remote.HttpCommandExecutor.MakeHttpRequest(HttpRequestInfo requestInfo)
   at OpenQA.Selenium.Remote.HttpCommandExecutor.Execute(Command commandToExecute)
   at OpenQA.Selenium.Remote.DriverServiceCommandExecutor.Execute(Command commandToExecute)
   at OpenQA.Selenium.Remote.RemoteWebDriver.Execute(String driverCommandToExecute, Dictionary`2 parameters)
   at OpenQA.Selenium.Remote.RemoteWebDriver.GetScreenshot()
   at AutoBuy.MainWindow.<>c__DisplayClass43_0.<TakeSnapShot>b__0() in D:\SourceCode\yuclient\RemoteCenter\AutoBuy\MainWindow.xaml.cs:line 474
2020-12-29 17:10:09,304 [13] INFO  AutoBuy.MainWindow [(null)] - xx B07QMK5R45 stock at 59.99
2020-12-29 17:20:09,477 [13] DEBUG AutoBuy.MainWindow [(null)] - The HTTP request to the remote WebDriver server for URL http://localhost:52232/session/71db81ebd88db559999c1b9b41a32bad/execute/sync timed out after 60 seconds.
2020-12-29 17:20:10,281 [13] ERROR AutoBuy.MainWindow [(null)] -    at OpenQA.Selenium.Remote.HttpCommandExecutor.MakeHttpRequest(HttpRequestInfo requestInfo)
   at OpenQA.Selenium.Remote.HttpCommandExecutor.Execute(Command commandToExecute)
   at OpenQA.Selenium.Remote.DriverServiceCommandExecutor.Execute(Command commandToExecute)
   at OpenQA.Selenium.Remote.RemoteWebDriver.Execute(String driverCommandToExecute, Dictionary`2 parameters)
   at OpenQA.Selenium.Remote.RemoteWebElement.Execute(String commandToExecute, Dictionary`2 parameters)
   at OpenQA.Selenium.Remote.RemoteWebElement.GetAttribute(String attributeName)
   at AutoBuy.MainWindow.<BuyItem>d__36.MoveNext() in D:\SourceCode\yuclient\RemoteCenter\AutoBuy\MainWindow.xaml.cs:line 312
2020-12-29 17:25:09,737 [10] INFO  AutoBuy.MainWindow [(null)] - xxx B07QMK5R45 stock at 59.99
2020-12-29 17:32:23,664 [10] INFO  AutoBuy.MainWindow [(null)] - zz B07QMK5R45 stock at 59.99
2020-12-29 17:32:36,256 [10] DEBUG AutoBuy.MainWindow [(null)] - Timed out after 5 seconds
2020-12-29 17:32:36,373 [10] ERROR AutoBuy.MainWindow [(null)] -    at OpenQA.Selenium.Support.UI.DefaultWait`1.ThrowTimeoutException(String exceptionMessage, Exception lastException)
   at OpenQA.Selenium.Support.UI.DefaultWait`1.Until[TResult](Func`2 condition)
   at AutoBuy.MainWindow.<BuyItem>d__36.MoveNext() in D:\SourceCode\yuclient\RemoteCenter\AutoBuy\MainWindow.xaml.cs:line 310
2020-12-29 17:36:00,106 [10] INFO  AutoBuy.MainWindow [(null)] - x B07QMK5R45 stock at 59.99
2020-12-29 17:41:59,302 [10] INFO  AutoBuy.MainWindow [(null)] - x B07QMK5R45 stock at 59.99
2020-12-29 17:42:08,601 [10] DEBUG AutoBuy.MainWindow [(null)] - Timed out after 5 seconds
2020-12-29 17:42:08,728 [10] ERROR AutoBuy.MainWindow [(null)] -    at OpenQA.Selenium.Support.UI.DefaultWait`1.ThrowTimeoutException(String exceptionMessage, Exception lastException)
   at OpenQA.Selenium.Support.UI.DefaultWait`1.Until[TResult](Func`2 condition)
   at AutoBuy.MainWindow.<BuyItem>d__36.MoveNext() in D:\SourceCode\yuclient\RemoteCenter\AutoBuy\MainWindow.xaml.cs:line 309
2020-12-29 17:42:24,008 [10] INFO  AutoBuy.MainWindow [(null)] - x B07QMK5R45 stock at 59.99
2020-12-29 17:42:45,296 [10] DEBUG AutoBuy.MainWindow [(null)] - Timed out after 5 seconds
2020-12-29 17:42:45,349 [10] ERROR AutoBuy.MainWindow [(null)] -    at OpenQA.Selenium.Support.UI.DefaultWait`1.ThrowTimeoutException(String exceptionMessage, Exception lastException)
   at OpenQA.Selenium.Support.UI.DefaultWait`1.Until[TResult](Func`2 condition)
   at AutoBuy.MainWindow.<BuyItem>d__36.MoveNext() in D:\SourceCode\yuclient\RemoteCenter\AutoBuy\MainWindow.xaml.cs:line 309
2020-12-29 17:43:01,234 [10] INFO  AutoBuy.MainWindow [(null)] - x B07QMK5R45 stock at 59.99
2020-12-29 17:54:12,610 [10] INFO  AutoBuy.MainWindow [(null)] - xxx B07QMK5R45 stock at 59.99
