2020-12-30 12:30:58,829 [4] INFO  AutoBuy.CheckingModel [(null)] - test N82E16819113569 out of stock
2020-12-30 13:45:59,084 [9] INFO  AutoBuy.CheckingModel [(null)] - xx B07QMK5R45 out of stock
2020-12-30 13:46:22,383 [9] INFO  AutoBuy.CheckingModel [(null)] - xx B07QMK5R45 out of stock
2020-12-30 13:46:46,619 [9] INFO  AutoBuy.CheckingModel [(null)] - xx B07QMK5R45 out of stock
2020-12-30 13:47:09,970 [9] INFO  AutoBuy.CheckingModel [(null)] - xx B07QMK5R45 out of stock
2020-12-30 13:47:33,155 [9] INFO  AutoBuy.CheckingModel [(null)] - xx B07QMK5R45 out of stock
2020-12-30 13:47:57,787 [9] INFO  AutoBuy.CheckingModel [(null)] - xx B07QMK5R45 out of stock
2020-12-30 13:48:21,268 [9] INFO  AutoBuy.CheckingModel [(null)] - xx B07QMK5R45 out of stock
2020-12-30 14:51:06,835 [9] DEBUG AutoBuy.CheckingModel [(null)] - Timed out after 5 seconds
2020-12-30 14:51:07,181 [9] ERROR AutoBuy.CheckingModel [(null)] -    at OpenQA.Selenium.Support.UI.DefaultWait`1.ThrowTimeoutException(String exceptionMessage, Exception lastException)
   at OpenQA.Selenium.Support.UI.DefaultWait`1.Until[TResult](Func`2 condition)
   at AutoBuy.CheckingModel.<BuyItemAsync>d__32.MoveNext() in D:\SourceCode\yuclient\RemoteCenter\AutoBuy\CheckingModel.cs:line 241
2020-12-30 14:52:21,676 [12] DEBUG AutoBuy.CheckingModel [(null)] - Timed out after 5 seconds
2020-12-30 14:52:21,713 [12] ERROR AutoBuy.CheckingModel [(null)] -    at OpenQA.Selenium.Support.UI.DefaultWait`1.ThrowTimeoutException(String exceptionMessage, Exception lastException)
   at OpenQA.Selenium.Support.UI.DefaultWait`1.Until[TResult](Func`2 condition)
   at AutoBuy.CheckingModel.<BuyItemAsync>d__32.MoveNext() in D:\SourceCode\yuclient\RemoteCenter\AutoBuy\CheckingModel.cs:line 256
2020-12-30 14:53:23,162 [12] DEBUG AutoBuy.CheckingModel [(null)] - Timed out after 5 seconds
2020-12-30 14:53:23,241 [12] ERROR AutoBuy.CheckingModel [(null)] -    at OpenQA.Selenium.Support.UI.DefaultWait`1.ThrowTimeoutException(String exceptionMessage, Exception lastException)
   at OpenQA.Selenium.Support.UI.DefaultWait`1.Until[TResult](Func`2 condition)
   at AutoBuy.CheckingModel.<BuyItemAsync>d__32.MoveNext() in D:\SourceCode\yuclient\RemoteCenter\AutoBuy\CheckingModel.cs:line 256
2020-12-30 14:54:35,358 [12] DEBUG AutoBuy.CheckingModel [(null)] - Timed out after 5 seconds
2020-12-30 14:54:35,409 [12] ERROR AutoBuy.CheckingModel [(null)] -    at OpenQA.Selenium.Support.UI.DefaultWait`1.ThrowTimeoutException(String exceptionMessage, Exception lastException)
   at OpenQA.Selenium.Support.UI.DefaultWait`1.Until[TResult](Func`2 condition)
   at AutoBuy.CheckingModel.<BuyItemAsync>d__32.MoveNext() in D:\SourceCode\yuclient\RemoteCenter\AutoBuy\CheckingModel.cs:line 256
2020-12-30 15:32:35,388 [9] ERROR AutoBuy.CheckingModel [(null)] - no such element: Unable to locate element: {"method":"xpath","selector":"//*[@aria-label= 'Shopping Cart']"}
  (Session info: chrome=87.0.4280.88)
2020-12-30 15:32:50,697 [9] INFO  AutoBuy.CheckingModel [(null)] - xx N82E16819113569 out of stock
2020-12-30 15:33:30,959 [9] ERROR AutoBuy.CheckingModel [(null)] - no such element: Unable to locate element: {"method":"xpath","selector":"//*[@aria-label= 'Shopping Cart']"}
  (Session info: chrome=87.0.4280.88)
2020-12-30 15:36:05,035 [9] ERROR AutoBuy.CheckingModel [(null)] - no such element: Unable to locate element: {"method":"xpath","selector":"//*[@aria-label= 'Shopping Cart']"}
  (Session info: chrome=87.0.4280.88)
2020-12-30 15:36:37,335 [12] ERROR AutoBuy.CheckingModel [(null)] - no such element: Unable to locate element: {"method":"xpath","selector":"//*[@aria-label= 'Shopping Cart']"}
  (Session info: chrome=87.0.4280.88)
2020-12-30 15:50:08,219 [9] INFO  AutoBuy.CheckingModel [(null)] - xxx N82E16819113569 out of stock
