2021-02-05 16:51:33,488 [4] INFO  AutoBuy.MainWindow [(null)] - 5900x B08164VTWH out of stock
2021-02-05 16:51:39,609 [8] INFO  AutoBuy.MainWindow [(null)] - Giga 3060ti B08NYPLXPJ out of stock
2021-02-05 16:51:43,380 [8] INFO  AutoBuy.MainWindow [(null)] - 3060ti TUF B083Z5P6TX out of stock
2021-02-05 16:51:48,314 [4] INFO  AutoBuy.MainWindow [(null)] - Giga 3060TI Egle B08NYPKW1Z out of stock
2021-02-05 16:51:50,096 [5] INFO  AutoBuy.MainWindow [(null)] - 3070 PNY B08HBJB7YD out of stock
2021-02-05 16:51:51,329 [4] INFO  AutoBuy.MainWindow [(null)] - 3060ti EVGA B08P2H5LW2 out of stock
2021-02-05 16:51:56,484 [8] INFO  AutoBuy.MainWindow [(null)] - 3070 tuf B08L8KC1J7 out of stock
2021-02-05 16:51:58,534 [4] INFO  AutoBuy.MainWindow [(null)] - 3070 Giga B08KY266MG out of stock
2021-02-05 16:51:59,589 [8] INFO  AutoBuy.MainWindow [(null)] - 3060 ti asus B083Z7TR8Z out of stock
2021-02-05 16:52:05,846 [8] INFO  AutoBuy.MainWindow [(null)] - 3080 EVGA B08HR55YB5 out of stock
2021-02-05 16:52:06,633 [4] INFO  AutoBuy.MainWindow [(null)] - 3070 evga B08L8L71SM out of stock
2021-02-05 16:52:06,825 [5] INFO  AutoBuy.MainWindow [(null)] - MSI 3060ti  Ventus B08P2DQ28S out of stock
2021-02-05 16:52:15,313 [4] INFO  AutoBuy.MainWindow [(null)] - 3070 msi B08KWN2LZG out of stock
2021-02-05 16:52:15,708 [8] INFO  AutoBuy.MainWindow [(null)] - 3080 EVGA RGB B08HR3Y5GQ out of stock
2021-02-05 16:52:18,403 [5] INFO  AutoBuy.MainWindow [(null)] - 5900x B08164VTWH out of stock
2021-02-05 16:52:23,044 [8] INFO  AutoBuy.MainWindow [(null)] - 3080 ASUS TUF B08HHDP9DW out of stock
2021-02-05 16:52:28,097 [4] INFO  AutoBuy.MainWindow [(null)] - 3060ti TUF B083Z5P6TX out of stock
2021-02-05 16:52:30,464 [8] INFO  AutoBuy.MainWindow [(null)] - Giga 3060ti B08NYPLXPJ out of stock
2021-02-05 16:52:30,702 [5] INFO  AutoBuy.MainWindow [(null)] - 3070 PNY B08HBJB7YD out of stock
2021-02-05 16:52:35,827 [9] INFO  AutoBuy.MainWindow [(null)] - 3060ti EVGA B08P2H5LW2 out of stock
2021-02-05 16:52:38,342 [8] INFO  AutoBuy.MainWindow [(null)] - 3070 Giga B08KY266MG out of stock
2021-02-05 16:52:39,217 [4] INFO  AutoBuy.MainWindow [(null)] - Giga 3060TI Egle B08NYPKW1Z out of stock
2021-02-05 16:52:43,700 [8] INFO  AutoBuy.MainWindow [(null)] - 3060 ti asus B083Z7TR8Z out of stock
2021-02-05 16:52:46,354 [5] INFO  AutoBuy.MainWindow [(null)] - 3080 EVGA B08HR55YB5 out of stock
2021-02-05 16:52:47,699 [5] INFO  AutoBuy.MainWindow [(null)] - 3070 tuf B08L8KC1J7 out of stock
2021-02-05 16:52:51,582 [9] INFO  AutoBuy.MainWindow [(null)] - MSI 3060ti  Ventus B08P2DQ28S out of stock
2021-02-05 16:52:53,790 [8] INFO  AutoBuy.MainWindow [(null)] - 3080 EVGA RGB B08HR3Y5GQ out of stock
2021-02-05 16:52:55,540 [4] INFO  AutoBuy.MainWindow [(null)] - 3070 evga B08L8L71SM out of stock
2021-02-05 16:52:58,940 [8] INFO  AutoBuy.MainWindow [(null)] - 5900x B08164VTWH out of stock
2021-02-05 16:53:01,252 [9] INFO  AutoBuy.MainWindow [(null)] - 3080 ASUS TUF B08HHDP9DW out of stock
2021-02-05 16:53:03,818 [4] INFO  AutoBuy.MainWindow [(null)] - 3070 msi B08KWN2LZG out of stock
2021-02-05 16:53:06,415 [5] INFO  AutoBuy.MainWindow [(null)] - 3060ti TUF B083Z5P6TX out of stock
2021-02-05 16:53:08,833 [4] INFO  AutoBuy.MainWindow [(null)] - 3070 PNY B08HBJB7YD out of stock
2021-02-05 16:53:11,570 [4] INFO  AutoBuy.MainWindow [(null)] - Giga 3060ti B08NYPLXPJ out of stock
2021-02-05 16:53:14,009 [4] INFO  AutoBuy.MainWindow [(null)] - 3060ti EVGA B08P2H5LW2 out of stock
2021-02-05 16:53:16,558 [9] INFO  AutoBuy.MainWindow [(null)] - 3070 Giga B08KY266MG out of stock
2021-02-05 16:53:19,100 [4] INFO  AutoBuy.MainWindow [(null)] - Giga 3060TI Egle B08NYPKW1Z out of stock
2021-02-05 16:53:21,931 [4] INFO  AutoBuy.MainWindow [(null)] - 3060 ti asus B083Z7TR8Z out of stock
2021-02-05 16:53:33,230 [5] INFO  AutoBuy.MainWindow [(null)] - 3080 EVGA B08HR55YB5 out of stock
2021-02-05 16:56:56,517 [6] INFO  AutoBuy.MainWindow [(null)] - 5900x B08164VTWH out of stock
2021-02-05 16:57:03,384 [6] INFO  AutoBuy.MainWindow [(null)] - Giga 3060ti B08NYPLXPJ out of stock
2021-02-05 16:57:04,399 [5] INFO  AutoBuy.MainWindow [(null)] - 3060ti TUF B083Z5P6TX out of stock
2021-02-05 16:57:20,526 [5] INFO  AutoBuy.MainWindow [(null)] - 3060ti EVGA B08P2H5LW2 out of stock
2021-02-05 16:57:20,535 [4] INFO  AutoBuy.MainWindow [(null)] - 3070 PNY B08HBJB7YD out of stock
2021-02-05 16:57:20,537 [6] INFO  AutoBuy.MainWindow [(null)] - Giga 3060TI Egle B08NYPKW1Z out of stock
2021-02-05 16:57:39,868 [9] INFO  AutoBuy.MainWindow [(null)] - 5900x B08164VTWH out of stock
2021-02-05 16:57:46,106 [5] INFO  AutoBuy.MainWindow [(null)] - Giga 3060ti B08NYPLXPJ out of stock
2021-02-05 16:57:49,292 [9] INFO  AutoBuy.MainWindow [(null)] - 3060ti TUF B083Z5P6TX out of stock
2021-02-05 16:57:54,582 [9] INFO  AutoBuy.MainWindow [(null)] - 3070 PNY B08HBJB7YD out of stock
2021-02-05 16:57:55,928 [4] INFO  AutoBuy.MainWindow [(null)] - Giga 3060TI Egle B08NYPKW1Z out of stock
2021-02-05 16:57:57,485 [9] INFO  AutoBuy.MainWindow [(null)] - 3060ti EVGA B08P2H5LW2 out of stock
2021-02-05 16:58:02,773 [6] INFO  AutoBuy.MainWindow [(null)] - 3070 Giga B08KY266MG out of stock
2021-02-05 16:58:03,824 [6] INFO  AutoBuy.MainWindow [(null)] - 3070 tuf B08L8KC1J7 out of stock
2021-02-05 16:58:07,974 [4] INFO  AutoBuy.MainWindow [(null)] - 3060 ti asus B083Z7TR8Z out of stock
2021-02-05 16:58:10,447 [5] INFO  AutoBuy.MainWindow [(null)] - 3080 EVGA B08HR55YB5 out of stock
2021-02-05 16:58:12,593 [4] INFO  AutoBuy.MainWindow [(null)] - 3070 evga B08L8L71SM out of stock
2021-02-05 16:58:17,543 [5] INFO  AutoBuy.MainWindow [(null)] - MSI 3060ti  Ventus B08P2DQ28S out of stock
2021-02-05 16:58:17,842 [4] INFO  AutoBuy.MainWindow [(null)] - 3080 EVGA RGB B08HR3Y5GQ out of stock
2021-02-05 16:58:20,604 [9] INFO  AutoBuy.MainWindow [(null)] - 3070 msi B08KWN2LZG out of stock
2021-02-05 16:58:25,358 [4] INFO  AutoBuy.MainWindow [(null)] - 3080 ASUS TUF B08HHDP9DW out of stock
2021-02-05 16:58:28,954 [9] INFO  AutoBuy.MainWindow [(null)] - Giga 3060ti B08NYPLXPJ out of stock
2021-02-05 16:58:29,923 [4] INFO  AutoBuy.MainWindow [(null)] - 5900x B08164VTWH out of stock
2021-02-05 16:58:34,120 [9] INFO  AutoBuy.MainWindow [(null)] - 3070 PNY B08HBJB7YD out of stock
2021-02-05 16:58:37,681 [9] INFO  AutoBuy.MainWindow [(null)] - Giga 3060TI Egle B08NYPKW1Z out of stock
2021-02-05 16:58:40,565 [5] INFO  AutoBuy.MainWindow [(null)] - 3060ti TUF B083Z5P6TX out of stock
2021-02-05 16:58:42,084 [5] INFO  AutoBuy.MainWindow [(null)] - 3070 Giga B08KY266MG out of stock
2021-02-05 16:58:45,942 [4] INFO  AutoBuy.MainWindow [(null)] - 3070 tuf B08L8KC1J7 out of stock
2021-02-05 16:58:48,507 [5] INFO  AutoBuy.MainWindow [(null)] - 3060ti EVGA B08P2H5LW2 out of stock
2021-02-05 16:58:49,537 [9] INFO  AutoBuy.MainWindow [(null)] - 3080 EVGA B08HR55YB5 out of stock
2021-02-05 16:58:53,198 [6] INFO  AutoBuy.MainWindow [(null)] - 3070 evga B08L8L71SM out of stock
2021-02-05 16:58:56,975 [5] INFO  AutoBuy.MainWindow [(null)] - 3080 EVGA RGB B08HR3Y5GQ out of stock
2021-02-05 16:58:57,097 [9] INFO  AutoBuy.MainWindow [(null)] - 3060 ti asus B083Z7TR8Z out of stock
2021-02-05 16:59:01,345 [9] INFO  AutoBuy.MainWindow [(null)] - 3070 msi B08KWN2LZG out of stock
2021-02-05 16:59:04,368 [4] INFO  AutoBuy.MainWindow [(null)] - 3080 ASUS TUF B08HHDP9DW out of stock
2021-02-05 16:59:04,576 [6] INFO  AutoBuy.MainWindow [(null)] - MSI 3060ti  Ventus B08P2DQ28S out of stock
2021-02-05 16:59:08,927 [5] INFO  AutoBuy.MainWindow [(null)] - Giga 3060ti B08NYPLXPJ out of stock
2021-02-05 16:59:12,127 [4] INFO  AutoBuy.MainWindow [(null)] - 3070 PNY B08HBJB7YD out of stock
2021-02-05 16:59:12,745 [9] INFO  AutoBuy.MainWindow [(null)] - 5900x B08164VTWH out of stock
